2022-05-25 00:51:07	| Data	|	SELECT * FROM main_clients  ORDER BY `id` DESC LIMIT 10 ;
2022-05-25 00:53:30	| Data	|	SELECT * FROM main_clients  ORDER BY `id` DESC LIMIT 10 ;
2022-05-25 00:55:45	| Data	|	INSERT INTO `main_clients` (`prefix`, `name`, `lastname`, `passport`, `phone`, `email`, `country`, `date_added`, `company`, `status`, `observations`, `last_touch`) VALUES
        ('Sr.', 'asd', 'asd', '', '', 'asd@asd.asd', 'Pais / Country', now(), '', 'Estado', '', 'ahora');
2022-05-25 00:55:45	| Data	|	SELECT * FROM main_clients  ORDER BY `id` DESC LIMIT 10 ;
2022-05-25 00:56:47	| Data	|	SELECT * FROM main_clients  ORDER BY `id` DESC LIMIT 10 ;
2022-05-25 00:56:52	| Data	|	SELECT * FROM main_clients WHERE `name` LIKE '%%' OR `lastname` LIKE '%%' OR `passport` LIKE '%%' OR `email` LIKE '%%' OR `phone` LIKE '%%' OR `company` LIKE '%%' ORDER BY `id` DESC LIMIT 10 OFFSET 10;
2022-05-25 00:56:53	| Data	|	SELECT * FROM main_clients WHERE `name` LIKE '%%' OR `lastname` LIKE '%%' OR `passport` LIKE '%%' OR `email` LIKE '%%' OR `phone` LIKE '%%' OR `company` LIKE '%%' ORDER BY `id` DESC LIMIT 10 OFFSET 20;
2022-05-25 00:56:54	| Data	|	SELECT * FROM main_clients WHERE `name` LIKE '%%' OR `lastname` LIKE '%%' OR `passport` LIKE '%%' OR `email` LIKE '%%' OR `phone` LIKE '%%' OR `company` LIKE '%%' ORDER BY `id` DESC LIMIT 10 OFFSET 10;
2022-05-25 00:59:30	| Data	|	SELECT * FROM main_clients  ORDER BY `id` DESC LIMIT 10 ;
2022-05-25 01:06:05	| Data	|	SELECT * FROM main_clients  ORDER BY `id` DESC LIMIT 10 ;
2022-05-25 01:06:06	| Data	|	SELECT * FROM main_clients  ORDER BY `id` DESC LIMIT 10 ;
2022-05-25 04:38:43	| Data	|	SELECT * FROM main_clients  ORDER BY `id` DESC LIMIT 10 ;
2022-05-25 04:39:58	| Data	|	SELECT * FROM main_clients  ORDER BY `id` DESC LIMIT 10 ;
2022-05-25 04:40:11	| Data	|	SELECT * FROM main_clients  ORDER BY `id` DESC LIMIT 10 ;
2022-05-25 14:10:39	| Data	|	SELECT * FROM main_clients  ORDER BY `id` DESC LIMIT 10 ;
2022-05-25 14:11:07	| Data	|	SELECT * FROM main_clients WHERE `name` LIKE '%%' OR `lastname` LIKE '%%' OR `passport` LIKE '%%' OR `email` LIKE '%%' OR `phone` LIKE '%%' OR `company` LIKE '%%' ORDER BY `id` DESC LIMIT 10 OFFSET 10;
2022-05-25 14:11:07	| Data	|	SELECT * FROM main_clients WHERE `name` LIKE '%%' OR `lastname` LIKE '%%' OR `passport` LIKE '%%' OR `email` LIKE '%%' OR `phone` LIKE '%%' OR `company` LIKE '%%' ORDER BY `id` DESC LIMIT 10 OFFSET 20;
2022-05-25 14:11:08	| Data	|	SELECT * FROM main_clients WHERE `name` LIKE '%%' OR `lastname` LIKE '%%' OR `passport` LIKE '%%' OR `email` LIKE '%%' OR `phone` LIKE '%%' OR `company` LIKE '%%' ORDER BY `id` DESC LIMIT 10 OFFSET 10;
2022-05-25 14:11:09	| Data	|	SELECT * FROM main_clients WHERE `name` LIKE '%%' OR `lastname` LIKE '%%' OR `passport` LIKE '%%' OR `email` LIKE '%%' OR `phone` LIKE '%%' OR `company` LIKE '%%' ORDER BY `id` DESC LIMIT 10 OFFSET 0;
2022-05-25 14:11:09	| Data	|	SELECT * FROM main_clients WHERE `name` LIKE '%%' OR `lastname` LIKE '%%' OR `passport` LIKE '%%' OR `email` LIKE '%%' OR `phone` LIKE '%%' OR `company` LIKE '%%' ORDER BY `id` DESC LIMIT 10 OFFSET 10;
2022-05-25 14:11:10	| Data	|	SELECT * FROM main_clients WHERE `name` LIKE '%%' OR `lastname` LIKE '%%' OR `passport` LIKE '%%' OR `email` LIKE '%%' OR `phone` LIKE '%%' OR `company` LIKE '%%' ORDER BY `id` DESC LIMIT 10 OFFSET 20;
2022-05-25 14:11:17	| Data	|	SELECT * FROM main_clients WHERE `name` LIKE '%%' OR `lastname` LIKE '%%' OR `passport` LIKE '%%' OR `email` LIKE '%%' OR `phone` LIKE '%%' OR `company` LIKE '%%' ORDER BY `id` DESC LIMIT 10 OFFSET 10;
2022-05-25 14:11:19	| Data	|	SELECT * FROM main_clients WHERE `name` LIKE '%%' OR `lastname` LIKE '%%' OR `passport` LIKE '%%' OR `email` LIKE '%%' OR `phone` LIKE '%%' OR `company` LIKE '%%' ORDER BY `id` DESC LIMIT 10 OFFSET 0;
2022-05-25 14:49:39	| Data	|	INSERT INTO `main_clients` (`prefix`, `name`, `lastname`, `passport`, `phone`, `email`, `country`, `date_added`, `company`, `status`, `observations`, `last_touch`) VALUES
        ('Sr.', 'Jose', 'Olazabal', '88090800307', '88090800307', 'os.nesty@gmail.com', 'US', now(), 'Microsoft Inc.', 'Traveling', 'ninguna', 'ahora');
2022-05-25 14:49:39	| Data	|	SELECT * FROM main_clients  ORDER BY `id` DESC LIMIT 10 ;
2022-05-25 14:53:43	| Data	|	SELECT * FROM main_clients  ORDER BY `id` DESC LIMIT 10 ;
2022-05-25 14:54:44	| Data	|	SELECT * FROM main_clients  ORDER BY `id` DESC LIMIT 10 ;
2022-05-25 14:54:53	| Data	|	INSERT INTO `main_clients` (`prefix`, `name`, `lastname`, `passport`, `phone`, `email`, `country`, `date_added`, `company`, `status`, `observations`, `last_touch`) VALUES
        ('Sr.', 'Jose', 'Olazabal', '88090800307', '88090800307', 'os.nesty@gmail.com', 'US', now(), 'Microsoft Inc.', 'Traveling', 'asdasd', 'ahora');
2022-05-25 14:54:53	| Data	|	SELECT * FROM main_clients  ORDER BY `id` DESC LIMIT 10 ;
2022-05-25 14:58:21	| Data	|	SELECT * FROM main_clients  ORDER BY `id` DESC LIMIT 10 ;
2022-05-25 14:58:22	| Data	|	SELECT * FROM main_clients  ORDER BY `id` DESC LIMIT 10 ;
2022-05-25 15:04:35	| Data	|	SELECT * FROM main_clients  ORDER BY `id` DESC LIMIT 10 ;
2022-05-25 15:04:35	| Data	|	SELECT * FROM main_clients  ORDER BY `id` DESC LIMIT 10 ;
2022-05-25 15:05:30	| Data	|	SELECT * FROM main_clients  ORDER BY `id` DESC LIMIT 10 ;
2022-05-25 15:05:31	| Data	|	SELECT * FROM main_clients  ORDER BY `id` DESC LIMIT 10 ;
2022-05-25 15:05:38	| Data	|	SELECT * FROM main_clients  ORDER BY `id` DESC LIMIT 10 ;
2022-05-25 15:05:41	| Data	|	SELECT * FROM main_clients  ORDER BY `id` DESC LIMIT 10 ;
2022-05-25 15:05:43	| Data	|	SELECT * FROM main_clients  ORDER BY `id` DESC LIMIT 10 ;
2022-05-25 15:05:44	| Data	|	SELECT * FROM main_clients  ORDER BY `id` DESC LIMIT 10 ;
2022-05-25 15:05:45	| Data	|	SELECT * FROM main_clients  ORDER BY `id` DESC LIMIT 10 ;
2022-05-25 15:05:47	| Data	|	SELECT * FROM main_clients  ORDER BY `id` DESC LIMIT 10 ;
2022-05-25 15:05:48	| Data	|	SELECT * FROM main_clients  ORDER BY `id` DESC LIMIT 10 ;
2022-05-25 15:05:49	| Data	|	SELECT * FROM main_clients  ORDER BY `id` DESC LIMIT 10 ;
2022-05-25 15:05:50	| Data	|	SELECT * FROM main_clients  ORDER BY `id` DESC LIMIT 10 ;
2022-05-25 15:05:52	| Data	|	SELECT * FROM main_clients  ORDER BY `id` DESC LIMIT 10 ;
2022-05-25 15:07:13	| Data	|	SELECT * FROM main_clients  ORDER BY `id` DESC LIMIT 10 ;
2022-05-25 15:07:13	| Data	|	SELECT * FROM main_clients  ORDER BY `id` DESC LIMIT 10 ;
2022-05-25 15:11:07	| Data	|	SELECT * FROM main_clients  ORDER BY `id` DESC LIMIT 10 ;
2022-05-25 15:11:26	| Data	|	SELECT * FROM main_clients  ORDER BY `id` DESC LIMIT 10 ;
2022-05-25 15:13:14	| Data	|	SELECT * FROM main_clients  ORDER BY `id` DESC LIMIT 10 ;
2022-05-25 15:13:15	| Data	|	SELECT * FROM main_clients  ORDER BY `id` DESC LIMIT 10 ;
2022-05-25 15:17:40	| Data	|	SELECT * FROM main_clients  ORDER BY `id` DESC LIMIT 10 ;
2022-05-25 15:17:41	| Data	|	SELECT * FROM main_clients  ORDER BY `id` DESC LIMIT 10 ;
2022-05-25 15:20:07	| Data	|	SELECT * FROM main_clients  ORDER BY `id` DESC LIMIT 10 ;
2022-05-25 15:20:07	| Data	|	SELECT * FROM main_clients  ORDER BY `id` DESC LIMIT 10 ;
2022-05-25 15:20:07	| Data	|	SELECT * FROM main_clients  ORDER BY `id` DESC LIMIT 10 ;
2022-05-25 15:20:08	| Data	|	SELECT * FROM main_clients  ORDER BY `id` DESC LIMIT 10 ;
2022-05-25 15:21:42	| Data	|	SELECT * FROM main_clients  ORDER BY `id` DESC LIMIT 10 ;
2022-05-25 15:21:42	| Data	|	SELECT * FROM main_clients  ORDER BY `id` DESC LIMIT 10 ;
2022-05-25 15:22:26	| Data	|	SELECT * FROM main_clients  ORDER BY `id` DESC LIMIT 10 ;
2022-05-25 15:22:27	| Data	|	SELECT * FROM main_clients  ORDER BY `id` DESC LIMIT 10 ;
2022-05-25 15:23:08	| Data	|	SELECT * FROM main_clients  ORDER BY `id` DESC LIMIT 10 ;
2022-05-25 15:23:08	| Data	|	SELECT * FROM main_clients  ORDER BY `id` DESC LIMIT 10 ;
2022-05-25 15:27:12	| Data	|	SELECT * FROM main_clients  ORDER BY `id` DESC LIMIT 10 ;
2022-05-25 15:27:13	| Data	|	SELECT * FROM main_clients  ORDER BY `id` DESC LIMIT 10 ;
2022-05-25 15:27:13	| Data	|	SELECT * FROM main_clients  ORDER BY `id` DESC LIMIT 10 ;
2022-05-25 15:28:27	| Data	|	SELECT * FROM main_clients  ORDER BY `id` DESC LIMIT 10 ;
2022-05-25 15:28:27	| Data	|	SELECT * FROM main_clients  ORDER BY `id` DESC LIMIT 10 ;
2022-05-25 15:28:28	| Data	|	SELECT * FROM main_clients  ORDER BY `id` DESC LIMIT 10 ;
2022-05-25 15:33:03	| Data	|	SELECT * FROM main_clients  ORDER BY `id` DESC LIMIT 10 ;
2022-05-25 15:33:04	| Data	|	SELECT * FROM main_clients  ORDER BY `id` DESC LIMIT 10 ;
2022-05-25 15:35:31	| Data	|	SELECT * FROM main_clients  ORDER BY `id` DESC LIMIT 10 ;
2022-05-25 15:35:31	| Data	|	SELECT * FROM main_clients  ORDER BY `id` DESC LIMIT 10 ;
2022-05-25 15:35:59	| Data	|	SELECT * FROM main_clients  ORDER BY `id` DESC LIMIT 10 ;
2022-05-25 15:36:02	| Data	|	SELECT * FROM main_clients  ORDER BY `id` DESC LIMIT 10 ;
2022-05-25 15:36:07	| Data	|	SELECT * FROM main_clients  ORDER BY `id` DESC LIMIT 10 ;
2022-05-25 15:36:10	| Data	|	SELECT * FROM main_clients  ORDER BY `id` DESC LIMIT 10 ;
2022-05-25 15:36:22	| Data	|	SELECT * FROM main_clients  ORDER BY `id` DESC LIMIT 10 ;
2022-05-25 15:36:23	| Data	|	SELECT * FROM main_clients  ORDER BY `id` DESC LIMIT 10 ;
2022-05-25 15:36:23	| Data	|	SELECT * FROM main_clients  ORDER BY `id` DESC LIMIT 10 ;
2022-05-25 15:37:30	| Data	|	SELECT * FROM main_clients  ORDER BY `id` DESC LIMIT 10 ;
2022-05-25 15:37:31	| Data	|	SELECT * FROM main_clients  ORDER BY `id` DESC LIMIT 10 ;
2022-05-25 15:39:08	| Data	|	SELECT * FROM main_clients  ORDER BY `id` DESC LIMIT 10 ;
2022-05-25 15:39:09	| Data	|	SELECT * FROM main_clients  ORDER BY `id` DESC LIMIT 10 ;
2022-05-25 15:39:10	| Data	|	SELECT * FROM main_clients  ORDER BY `id` DESC LIMIT 10 ;
2022-05-25 15:39:11	| Data	|	SELECT * FROM main_clients  ORDER BY `id` DESC LIMIT 10 ;
2022-05-25 15:39:11	| Data	|	SELECT * FROM main_clients  ORDER BY `id` DESC LIMIT 10 ;
2022-05-25 15:40:35	| Data	|	SELECT * FROM main_clients  ORDER BY `id` DESC LIMIT 10 ;
2022-05-25 15:40:36	| Data	|	SELECT * FROM main_clients  ORDER BY `id` DESC LIMIT 10 ;
2022-05-25 15:41:28	| Data	|	SELECT * FROM main_clients  ORDER BY `id` DESC LIMIT 10 ;
2022-05-25 15:41:29	| Data	|	SELECT * FROM main_clients  ORDER BY `id` DESC LIMIT 10 ;
2022-05-25 15:42:04	| Data	|	SELECT * FROM main_clients  ORDER BY `id` DESC LIMIT 10 ;
2022-05-25 15:42:04	| Data	|	SELECT * FROM main_clients  ORDER BY `id` DESC LIMIT 10 ;
2022-05-25 15:42:18	| Data	|	INSERT INTO `main_clients` (`prefix`, `name`, `lastname`, `passport`, `phone`, `email`, `country`, `date_added`, `company`, `status`, `observations`, `last_touch`) VALUES
        ('Sr.', 'Jose', 'Olazabal', '88090800317', '88090800307', 'os.nesty@gmail.com', 'US', now(), 'Microsoft Inc.', 'Estado', 'asdasd', 'ahora');
2022-05-25 15:42:18	| Data	|	SELECT * FROM main_clients  ORDER BY `id` DESC LIMIT 10 ;
2022-05-25 15:43:08	| Data	|	SELECT * FROM main_clients  ORDER BY `id` DESC LIMIT 10 ;
2022-05-25 15:43:09	| Data	|	SELECT * FROM main_clients  ORDER BY `id` DESC LIMIT 10 ;
2022-05-25 15:43:18	| Data	|	SELECT * FROM main_clients  ORDER BY `id` DESC LIMIT 10 ;
2022-05-25 15:43:19	| Data	|	SELECT * FROM main_clients  ORDER BY `id` DESC LIMIT 10 ;
2022-05-25 15:43:43	| Data	|	SELECT * FROM main_clients  ORDER BY `id` DESC LIMIT 10 ;
2022-05-25 15:43:44	| Data	|	SELECT * FROM main_clients  ORDER BY `id` DESC LIMIT 10 ;
2022-05-25 15:43:44	| Data	|	SELECT * FROM main_clients  ORDER BY `id` DESC LIMIT 10 ;
2022-05-25 15:44:30	| Data	|	SELECT * FROM main_clients  ORDER BY `id` DESC LIMIT 10 ;
2022-05-25 15:44:57	| Data	|	SELECT * FROM main_clients  ORDER BY `id` DESC LIMIT 10 ;
2022-05-25 15:45:14	| Data	|	SELECT * FROM main_clients  ORDER BY `id` DESC LIMIT 10 ;
2022-05-25 15:45:31	| Data	|	SELECT * FROM main_clients  ORDER BY `id` DESC LIMIT 10 ;
2022-05-25 15:45:35	| Data	|	SELECT * FROM main_clients  ORDER BY `id` DESC LIMIT 10 ;
2022-05-25 15:45:41	| Data	|	SELECT * FROM main_clients  ORDER BY `id` DESC LIMIT 10 ;
2022-05-25 15:45:43	| Data	|	SELECT * FROM main_clients  ORDER BY `id` DESC LIMIT 10 ;
2022-05-25 15:45:44	| Data	|	SELECT * FROM main_clients  ORDER BY `id` DESC LIMIT 10 ;
2022-05-25 15:45:45	| Data	|	SELECT * FROM main_clients  ORDER BY `id` DESC LIMIT 10 ;
2022-05-25 15:45:45	| Data	|	SELECT * FROM main_clients  ORDER BY `id` DESC LIMIT 10 ;
2022-05-25 15:45:49	| Data	|	SELECT * FROM main_clients  ORDER BY `id` DESC LIMIT 10 ;
2022-05-25 15:45:50	| Data	|	SELECT * FROM main_clients  ORDER BY `id` DESC LIMIT 10 ;
2022-05-25 15:45:51	| Data	|	SELECT * FROM main_clients  ORDER BY `id` DESC LIMIT 10 ;
2022-05-25 15:45:51	| Data	|	SELECT * FROM main_clients  ORDER BY `id` DESC LIMIT 10 ;
2022-05-25 15:46:00	| Data	|	SELECT * FROM main_clients  ORDER BY `id` DESC LIMIT 10 ;
2022-05-25 15:46:04	| Data	|	SELECT * FROM main_clients  ORDER BY `id` DESC LIMIT 10 ;
2022-05-25 15:46:09	| Data	|	SELECT * FROM main_clients  ORDER BY `id` DESC LIMIT 10 ;
2022-05-25 15:46:12	| Data	|	SELECT * FROM main_clients  ORDER BY `id` DESC LIMIT 10 ;
2022-05-25 15:46:13	| Data	|	SELECT * FROM main_clients  ORDER BY `id` DESC LIMIT 10 ;
2022-05-25 15:46:18	| Data	|	SELECT * FROM main_clients  ORDER BY `id` DESC LIMIT 10 ;
2022-05-25 15:47:07	| Data	|	SELECT * FROM main_clients  ORDER BY `id` DESC LIMIT 10 ;
2022-05-25 15:47:09	| Data	|	SELECT * FROM main_clients  ORDER BY `id` DESC LIMIT 10 ;
2022-05-25 15:47:12	| Data	|	SELECT * FROM main_clients  ORDER BY `id` DESC LIMIT 10 ;
2022-05-25 15:47:27	| Data	|	SELECT * FROM main_clients  ORDER BY `id` DESC LIMIT 10 ;
2022-05-25 15:47:31	| Data	|	SELECT * FROM main_clients  ORDER BY `id` DESC LIMIT 10 ;
2022-05-25 15:47:32	| Data	|	SELECT * FROM main_clients  ORDER BY `id` DESC LIMIT 10 ;
2022-05-25 15:47:35	| Data	|	SELECT * FROM main_clients  ORDER BY `id` DESC LIMIT 10 ;
2022-05-25 15:48:04	| Data	|	SELECT * FROM main_clients  ORDER BY `id` DESC LIMIT 10 ;
2022-05-25 15:48:25	| Data	|	SELECT * FROM main_clients  ORDER BY `id` DESC LIMIT 10 ;
2022-05-25 15:48:26	| Data	|	SELECT * FROM main_clients  ORDER BY `id` DESC LIMIT 10 ;
2022-05-25 15:48:27	| Data	|	SELECT * FROM main_clients  ORDER BY `id` DESC LIMIT 10 ;
2022-05-25 15:48:27	| Data	|	SELECT * FROM main_clients  ORDER BY `id` DESC LIMIT 10 ;
2022-05-25 15:48:49	| Data	|	INSERT INTO `main_clients` (`prefix`, `name`, `lastname`, `passport`, `phone`, `email`, `country`, `date_added`, `company`, `status`, `observations`, `last_touch`) VALUES
        ('Sr.', 'Jose', 'Olazabal', '88090800378', '88090800307', 'os.nesty@gmail.com', 'US', now(), 'Microsoft Inc.', 'Arrived', '', 'ahora');
2022-05-25 15:48:49	| Data	|	SELECT * FROM main_clients  ORDER BY `id` DESC LIMIT 10 ;
2022-05-25 15:48:53	| Data	|	DELETE FROM main_vouchers WHERE `main_client` = '65'; DELETE FROM main_clients WHERE `id` = '65';
2022-05-25 15:48:53	| Data	|	SELECT * FROM main_clients  ORDER BY `id` DESC LIMIT 10 ;
2022-05-25 15:52:31	| Data	|	SELECT * FROM main_clients  ORDER BY `id` DESC LIMIT 10 ;
2022-05-25 15:52:32	| Data	|	SELECT * FROM main_clients  ORDER BY `id` DESC LIMIT 10 ;
2022-05-25 15:52:32	| Data	|	SELECT * FROM main_clients  ORDER BY `id` DESC LIMIT 10 ;
2022-05-25 16:13:07	| Data	|	SELECT * FROM main_clients  ORDER BY `id` DESC LIMIT 10 ;
2022-05-25 16:13:08	| Data	|	SELECT * FROM main_clients  ORDER BY `id` DESC LIMIT 10 ;
2022-05-25 16:13:41	| Data	|	SELECT * FROM main_clients  ORDER BY `id` DESC LIMIT 10 ;
2022-05-25 16:13:41	| Data	|	SELECT * FROM main_clients  ORDER BY `id` DESC LIMIT 10 ;
2022-05-25 16:14:52	| Data	|	SELECT * FROM main_clients  ORDER BY `id` DESC LIMIT 10 ;
2022-05-25 16:14:52	| Data	|	SELECT * FROM main_clients  ORDER BY `id` DESC LIMIT 10 ;
2022-05-25 16:15:03	| Data	|	SELECT * FROM main_clients  ORDER BY `id` DESC LIMIT 10 ;
2022-05-25 16:15:04	| Data	|	SELECT * FROM main_clients  ORDER BY `id` DESC LIMIT 10 ;
2022-05-25 16:15:24	| Data	|	SELECT * FROM main_clients  ORDER BY `id` DESC LIMIT 10 ;
2022-05-25 16:15:32	| Data	|	SELECT * FROM main_clients  ORDER BY `id` DESC LIMIT 10 ;
2022-05-25 16:15:32	| Data	|	SELECT * FROM main_clients  ORDER BY `id` DESC LIMIT 10 ;
2022-05-25 16:15:33	| Data	|	SELECT * FROM main_clients  ORDER BY `id` DESC LIMIT 10 ;
2022-05-25 16:15:41	| Data	|	SELECT * FROM main_clients  ORDER BY `id` DESC LIMIT 10 ;
2022-05-25 16:15:42	| Data	|	SELECT * FROM main_clients  ORDER BY `id` DESC LIMIT 10 ;
2022-05-25 16:15:42	| Data	|	SELECT * FROM main_clients  ORDER BY `id` DESC LIMIT 10 ;
2022-05-25 16:16:05	| Data	|	SELECT * FROM main_clients  ORDER BY `id` DESC LIMIT 10 ;
2022-05-25 16:16:05	| Data	|	SELECT * FROM main_clients  ORDER BY `id` DESC LIMIT 10 ;
2022-05-25 16:16:05	| Data	|	SELECT * FROM main_clients  ORDER BY `id` DESC LIMIT 10 ;
2022-05-25 16:16:05	| Data	|	SELECT * FROM main_clients  ORDER BY `id` DESC LIMIT 10 ;
2022-05-25 16:16:06	| Data	|	SELECT * FROM main_clients  ORDER BY `id` DESC LIMIT 10 ;
2022-05-25 16:16:48	| Data	|	SELECT * FROM main_clients  ORDER BY `id` DESC LIMIT 10 ;
2022-05-25 16:16:48	| Data	|	SELECT * FROM main_clients  ORDER BY `id` DESC LIMIT 10 ;
2022-05-25 16:16:48	| Data	|	SELECT * FROM main_clients  ORDER BY `id` DESC LIMIT 10 ;
2022-05-25 16:17:31	| Data	|	SELECT * FROM main_clients  ORDER BY `id` DESC LIMIT 10 ;
2022-05-25 16:17:31	| Data	|	SELECT * FROM main_clients  ORDER BY `id` DESC LIMIT 10 ;
2022-05-25 16:17:41	| Data	|	SELECT * FROM main_clients  ORDER BY `id` DESC LIMIT 10 ;
2022-05-25 16:17:42	| Data	|	SELECT * FROM main_clients  ORDER BY `id` DESC LIMIT 10 ;
2022-05-25 16:17:56	| Data	|	SELECT * FROM main_clients  ORDER BY `id` DESC LIMIT 10 ;
2022-05-25 16:17:56	| Data	|	SELECT * FROM main_clients  ORDER BY `id` DESC LIMIT 10 ;
2022-05-25 16:17:56	| Data	|	SELECT * FROM main_clients  ORDER BY `id` DESC LIMIT 10 ;
2022-05-25 16:17:57	| Data	|	SELECT * FROM main_clients  ORDER BY `id` DESC LIMIT 10 ;
2022-05-25 16:17:57	| Data	|	SELECT * FROM main_clients  ORDER BY `id` DESC LIMIT 10 ;
2022-05-25 16:18:04	| Data	|	SELECT * FROM main_clients  ORDER BY `id` DESC LIMIT 10 ;
2022-05-25 16:18:04	| Data	|	SELECT * FROM main_clients  ORDER BY `id` DESC LIMIT 10 ;
2022-05-25 16:18:46	| Data	|	SELECT * FROM main_clients  ORDER BY `id` DESC LIMIT 10 ;
2022-05-25 16:18:46	| Data	|	SELECT * FROM main_clients  ORDER BY `id` DESC LIMIT 10 ;
2022-05-25 16:18:46	| Data	|	SELECT * FROM main_clients  ORDER BY `id` DESC LIMIT 10 ;
2022-05-25 16:18:46	| Data	|	SELECT * FROM main_clients  ORDER BY `id` DESC LIMIT 10 ;
2022-05-25 16:19:15	| Data	|	SELECT * FROM main_clients  ORDER BY `id` DESC LIMIT 10 ;
2022-05-25 16:19:15	| Data	|	SELECT * FROM main_clients  ORDER BY `id` DESC LIMIT 10 ;
2022-05-25 16:19:15	| Data	|	SELECT * FROM main_clients  ORDER BY `id` DESC LIMIT 10 ;
2022-05-25 16:19:16	| Data	|	SELECT * FROM main_clients  ORDER BY `id` DESC LIMIT 10 ;
2022-05-25 16:19:35	| Data	|	SELECT * FROM main_clients  ORDER BY `id` DESC LIMIT 10 ;
2022-05-25 16:19:35	| Data	|	SELECT * FROM main_clients  ORDER BY `id` DESC LIMIT 10 ;
2022-05-25 16:19:40	| Data	|	SELECT * FROM main_clients  ORDER BY `id` DESC LIMIT 10 ;
2022-05-25 16:19:40	| Data	|	SELECT * FROM main_clients  ORDER BY `id` DESC LIMIT 10 ;
2022-05-25 16:19:41	| Data	|	SELECT * FROM main_clients  ORDER BY `id` DESC LIMIT 10 ;
2022-05-25 16:19:50	| Data	|	SELECT * FROM main_clients  ORDER BY `id` DESC LIMIT 10 ;
2022-05-25 16:19:50	| Data	|	SELECT * FROM main_clients  ORDER BY `id` DESC LIMIT 10 ;
2022-05-25 16:19:51	| Data	|	SELECT * FROM main_clients  ORDER BY `id` DESC LIMIT 10 ;
2022-05-25 16:19:58	| Data	|	SELECT * FROM main_clients  ORDER BY `id` DESC LIMIT 10 ;
2022-05-25 16:19:59	| Data	|	SELECT * FROM main_clients  ORDER BY `id` DESC LIMIT 10 ;
2022-05-25 16:19:59	| Data	|	SELECT * FROM main_clients  ORDER BY `id` DESC LIMIT 10 ;
2022-05-25 16:20:10	| Data	|	SELECT * FROM main_clients  ORDER BY `id` DESC LIMIT 10 ;
2022-05-25 16:20:10	| Data	|	SELECT * FROM main_clients  ORDER BY `id` DESC LIMIT 10 ;
2022-05-25 16:20:11	| Data	|	SELECT * FROM main_clients  ORDER BY `id` DESC LIMIT 10 ;
2022-05-25 16:20:17	| Data	|	SELECT * FROM main_clients  ORDER BY `id` DESC LIMIT 10 ;
2022-05-25 16:20:17	| Data	|	SELECT * FROM main_clients  ORDER BY `id` DESC LIMIT 10 ;
2022-05-25 16:20:24	| Data	|	SELECT * FROM main_clients  ORDER BY `id` DESC LIMIT 10 ;
2022-05-25 16:20:24	| Data	|	SELECT * FROM main_clients  ORDER BY `id` DESC LIMIT 10 ;
2022-05-25 16:20:35	| Data	|	SELECT * FROM main_clients  ORDER BY `id` DESC LIMIT 10 ;
2022-05-25 16:20:35	| Data	|	SELECT * FROM main_clients  ORDER BY `id` DESC LIMIT 10 ;
2022-05-25 16:20:35	| Data	|	SELECT * FROM main_clients  ORDER BY `id` DESC LIMIT 10 ;
2022-05-25 16:20:35	| Data	|	SELECT * FROM main_clients  ORDER BY `id` DESC LIMIT 10 ;
2022-05-25 16:20:35	| Data	|	SELECT * FROM main_clients  ORDER BY `id` DESC LIMIT 10 ;
2022-05-25 16:20:43	| Data	|	SELECT * FROM main_clients  ORDER BY `id` DESC LIMIT 10 ;
2022-05-25 16:20:44	| Data	|	SELECT * FROM main_clients  ORDER BY `id` DESC LIMIT 10 ;
2022-05-25 16:20:51	| Data	|	SELECT * FROM main_clients  ORDER BY `id` DESC LIMIT 10 ;
2022-05-25 16:20:51	| Data	|	SELECT * FROM main_clients  ORDER BY `id` DESC LIMIT 10 ;
2022-05-25 16:21:03	| Data	|	SELECT * FROM main_clients  ORDER BY `id` DESC LIMIT 10 ;
2022-05-25 16:21:34	| Data	|	SELECT * FROM main_clients  ORDER BY `id` DESC LIMIT 10 ;
2022-05-25 16:21:34	| Data	|	SELECT * FROM main_clients  ORDER BY `id` DESC LIMIT 10 ;
2022-05-25 16:21:55	| Data	|	SELECT * FROM main_clients  ORDER BY `id` DESC LIMIT 10 ;
2022-05-25 16:23:30	| Data	|	SELECT * FROM main_clients  ORDER BY `id` DESC LIMIT 10 ;
2022-05-25 16:23:30	| Data	|	SELECT * FROM main_clients  ORDER BY `id` DESC LIMIT 10 ;
2022-05-25 16:23:55	| Data	|	SELECT * FROM main_clients  ORDER BY `id` DESC LIMIT 10 ;
2022-05-25 16:23:55	| Data	|	SELECT * FROM main_clients  ORDER BY `id` DESC LIMIT 10 ;
2022-05-25 16:23:56	| Data	|	SELECT * FROM main_clients  ORDER BY `id` DESC LIMIT 10 ;
2022-05-25 16:23:57	| Data	|	SELECT * FROM main_clients  ORDER BY `id` DESC LIMIT 10 ;
2022-05-25 16:24:24	| Data	|	SELECT * FROM main_clients  ORDER BY `id` DESC LIMIT 10 ;
2022-05-25 16:24:25	| Data	|	SELECT * FROM main_clients  ORDER BY `id` DESC LIMIT 10 ;
2022-05-25 16:27:29	| Data	|	INSERT INTO `main_clients` (`prefix`, `name`, `lastname`, `passport`, `phone`, `email`, `country`, `date_added`, `company`, `status`, `observations`, `last_touch`) VALUES
        ('Sr.', 'Jose', 'Ernesto', '88090800309', '+53 5 3498546', 'os.nesty@gmail.com', 'AF', now(), 'Microsoft Inc.', 'Overseas', '', 'ahora');
2022-05-25 16:29:36	| Data	|	INSERT INTO `main_clients` (`prefix`, `name`, `lastname`, `passport`, `phone`, `email`, `country`, `date_added`, `company`, `status`, `observations`, `last_touch`) VALUES
        ('Sr.', 'Jose', 'Olazabal', '88090800307', '88090800307', 'os.nesty@gmail.com', 'US', now(), '', 'Estado', '', 'ahora');
2022-05-25 16:30:09	| Data	|	INSERT INTO `main_clients` (`prefix`, `name`, `lastname`, `passport`, `phone`, `email`, `country`, `date_added`, `company`, `status`, `observations`, `last_touch`) VALUES
        ('Sr.', 'Jose', 'Olazabal', '', '', 'os.nesty@gmail.com', 'US', now(), '', 'Traveling', '', 'ahora');
2022-05-25 16:30:46	| Data	|	INSERT INTO `main_clients` (`prefix`, `name`, `lastname`, `passport`, `phone`, `email`, `country`, `date_added`, `company`, `status`, `observations`, `last_touch`) VALUES
        ('Sr.', 'Jose', 'Olazabal', '', '', 'os.nesty@gmail.com', 'US', now(), '', 'Arrived', '', 'ahora');
2022-05-25 16:30:50	| Data	|	DELETE FROM main_vouchers WHERE `main_client` = '70'; DELETE FROM main_clients WHERE `id` = '70';
2022-05-25 16:30:51	| Data	|	DELETE FROM main_vouchers WHERE `main_client` = '69'; DELETE FROM main_clients WHERE `id` = '69';
2022-05-25 16:31:56	| Data	|	DELETE FROM main_vouchers WHERE `main_client` = '68'; DELETE FROM main_clients WHERE `id` = '68';
2022-05-25 16:32:44	| Data	|	DELETE FROM main_vouchers WHERE `main_client` = '60'; DELETE FROM main_clients WHERE `id` = '60';
2022-05-25 16:33:06	| Data	|	DELETE FROM main_vouchers WHERE `main_client` = '67'; DELETE FROM main_clients WHERE `id` = '67';
2022-05-25 16:34:21	| Data	|	DELETE FROM main_vouchers WHERE `main_client` = '32'; DELETE FROM main_clients WHERE `id` = '32';
2022-05-25 16:34:45	| Data	|	DELETE FROM main_vouchers WHERE `main_client` = '23'; DELETE FROM main_clients WHERE `id` = '23';
2022-05-25 16:34:48	| Data	|	DELETE FROM main_vouchers WHERE `main_client` = '31'; DELETE FROM main_clients WHERE `id` = '31';
2022-05-25 16:34:49	| Data	|	DELETE FROM main_vouchers WHERE `main_client` = '30'; DELETE FROM main_clients WHERE `id` = '30';
2022-05-25 16:34:49	| Data	|	DELETE FROM main_vouchers WHERE `main_client` = '28'; DELETE FROM main_clients WHERE `id` = '28';
2022-05-25 16:34:49	| Data	|	DELETE FROM main_vouchers WHERE `main_client` = '27'; DELETE FROM main_clients WHERE `id` = '27';
2022-05-25 16:34:50	| Data	|	DELETE FROM main_vouchers WHERE `main_client` = '26'; DELETE FROM main_clients WHERE `id` = '26';
2022-05-25 16:34:51	| Data	|	DELETE FROM main_vouchers WHERE `main_client` = '25'; DELETE FROM main_clients WHERE `id` = '25';
2022-05-25 16:34:51	| Data	|	DELETE FROM main_vouchers WHERE `main_client` = '24'; DELETE FROM main_clients WHERE `id` = '24';
2022-05-25 16:34:51	| Data	|	DELETE FROM main_vouchers WHERE `main_client` = '22'; DELETE FROM main_clients WHERE `id` = '22';
2022-05-25 16:34:52	| Data	|	DELETE FROM main_vouchers WHERE `main_client` = '21'; DELETE FROM main_clients WHERE `id` = '21';
2022-05-25 16:34:52	| Data	|	DELETE FROM main_vouchers WHERE `main_client` = '20'; DELETE FROM main_clients WHERE `id` = '20';
2022-05-25 16:34:53	| Data	|	DELETE FROM main_vouchers WHERE `main_client` = '19'; DELETE FROM main_clients WHERE `id` = '19';
2022-05-25 16:34:53	| Data	|	DELETE FROM main_vouchers WHERE `main_client` = '18'; DELETE FROM main_clients WHERE `id` = '18';
2022-05-25 16:34:53	| Data	|	DELETE FROM main_vouchers WHERE `main_client` = '17'; DELETE FROM main_clients WHERE `id` = '17';
2022-05-25 16:34:54	| Data	|	DELETE FROM main_vouchers WHERE `main_client` = '16'; DELETE FROM main_clients WHERE `id` = '16';
2022-05-25 17:12:30	| Data	|	INSERT INTO `main_clients` (`prefix`, `name`, `lastname`, `passport`, `phone`, `email`, `country`, `date_added`, `company`, `status`, `observations`, `last_touch`) VALUES
        ('Sr.', 'Jose', 'Olazabal', '', '', 'os.nesty@gmail.com', 'US', now(), '', 'Estado', '', 'ahora');
2022-05-25 17:12:33	| Data	|	DELETE FROM main_vouchers WHERE `main_client` = '71'; DELETE FROM main_clients WHERE `id` = '71';
2022-05-25 19:24:21	| Data	|	INSERT INTO `main_clients` (`prefix`, `name`, `lastname`, `passport`, `phone`, `email`, `country`, `date_added`, `company`, `status`, `observations`, `last_touch`) VALUES
        ('Sr.', 'Jose', 'Olazabal', '', '', 'os.nesty@gmail.com', 'US', now(), '', 'Estado', '', 'ahora');
2022-05-25 19:56:11	| Data	|	SELECT * FROM general_users WHERE `username`='' AND `password`='a8f5f167f44f4964e6c998dee827110c'
2022-05-25 19:56:29	| Data	|	SELECT * FROM general_users WHERE `username`='asdasd' AND `password`='a8f5f167f44f4964e6c998dee827110c'
2022-05-25 19:56:36	| Data	|	SELECT * FROM general_users WHERE `username`='nesty' AND `password`='a4fd01f750dabff701339a213c3be6af'
2022-05-25 19:57:21	| Data	|	INSERT INTO general_users( `username`, `password`, `role`)
        VALUES ('','d41d8cd98f00b204e9800998ecf8427e','root');
2022-05-25 19:58:11	| Data	|	INSERT INTO general_users( `username`, `password`, `role`)
        VALUES ('nesty','a4fd01f750dabff701339a213c3be6af','root');
2022-05-25 19:58:17	| Data	|	INSERT INTO general_users( `username`, `password`, `role`)
        VALUES ('nesty','a4fd01f750dabff701339a213c3be6af','root');
2022-05-25 19:58:33	| Data	|	SELECT * FROM general_users WHERE `username`='nesty' AND `password`='a4fd01f750dabff701339a213c3be6af'
2022-05-25 20:00:19	| Data	|	SELECT * FROM general_users WHERE `username`='nesty' AND `password`='a4fd01f750dabff701339a213c3be6af'
2022-05-25 20:00:19	| Data	|	SELECT * FROM general_users WHERE `username`='nesty' AND `password`='a4fd01f750dabff701339a213c3be6af'
2022-05-25 20:00:21	| Data	|	SELECT * FROM general_users WHERE `username`='nesty' AND `password`='850d5675c659cf430e96ce012e049e16'
2022-05-25 20:00:22	| Data	|	SELECT * FROM general_users WHERE `username`='nesty' AND `password`='850d5675c659cf430e96ce012e049e16'
2022-05-25 20:00:29	| Data	|	SELECT * FROM general_users WHERE `username`='nesty' AND `password`='850d5675c659cf430e96ce012e049e16'
2022-05-25 20:00:30	| Data	|	SELECT * FROM general_users WHERE `username`='nesty' AND `password`='850d5675c659cf430e96ce012e049e16'
2022-05-25 20:00:39	| Data	|	SELECT * FROM general_users WHERE `username`='asd' AND `password`='7815696ecbf1c96e6894b779456d330e'
2022-05-25 20:01:03	| Data	|	SELECT * FROM general_users WHERE `username`='asdasd' AND `password`='a8f5f167f44f4964e6c998dee827110c'
2022-05-25 20:01:03	| Data	|	SELECT * FROM general_users WHERE `username`='asdasd' AND `password`='a8f5f167f44f4964e6c998dee827110c'
2022-05-25 20:01:04	| Data	|	SELECT * FROM general_users WHERE `username`='asdasd' AND `password`='a8f5f167f44f4964e6c998dee827110c'
2022-05-25 20:01:10	| Data	|	SELECT * FROM general_users WHERE `username`='nesty' AND `password`='a4fd01f750dabff701339a213c3be6af'
2022-05-25 20:01:24	| Data	|	SELECT * FROM general_users WHERE `username`='nesty' AND `password`='a4fd01f750dabff701339a213c3be6af'
2022-05-25 20:01:36	| Data	|	SELECT * FROM general_users WHERE `username`='asd' AND `password`='7815696ecbf1c96e6894b779456d330e'
2022-05-25 20:01:37	| Data	|	SELECT * FROM general_users WHERE `username`='asd' AND `password`='7815696ecbf1c96e6894b779456d330e'
2022-05-25 20:01:44	| Data	|	SELECT * FROM general_users WHERE `username`='nesty' AND `password`='a4fd01f750dabff701339a213c3be6af'
2022-05-25 20:02:23	| Data	|	SELECT * FROM general_users WHERE `username`='asdasd' AND `password`='a8f5f167f44f4964e6c998dee827110c'
2022-05-25 20:02:25	| Data	|	SELECT * FROM general_users WHERE `username`='asdasd' AND `password`='a8f5f167f44f4964e6c998dee827110c'
2022-05-25 20:02:45	| Data	|	SELECT * FROM general_users WHERE `username`='asdasd' AND `password`='a8f5f167f44f4964e6c998dee827110c'
2022-05-25 20:08:43	| Data	|	SELECT * FROM general_users WHERE `username`='asdasd' AND `password`='a8f5f167f44f4964e6c998dee827110c'
2022-05-25 20:08:50	| Data	|	SELECT * FROM general_users WHERE `username`='nesty' AND `password`='a4fd01f750dabff701339a213c3be6af'
2022-05-25 20:09:12	| Data	|	SELECT * FROM general_users WHERE `username`='nesty' AND `password`='a4fd01f750dabff701339a213c3be6af'
2022-05-25 20:10:23	| Data	|	SELECT * FROM general_users WHERE `username`='asdasd' AND `password`='a8f5f167f44f4964e6c998dee827110c'
2022-05-25 20:10:23	| Data	|	SELECT * FROM general_users WHERE `username`='asdasd' AND `password`='a8f5f167f44f4964e6c998dee827110c'
2022-05-25 20:10:28	| Data	|	SELECT * FROM general_users WHERE `username`='nesty' AND `password`='a4fd01f750dabff701339a213c3be6af'
2022-05-25 20:10:54	| Data	|	SELECT * FROM general_users WHERE `username`='nesty' AND `password`='a4fd01f750dabff701339a213c3be6af'
2022-05-25 20:13:32	| Data	|	SELECT * FROM general_users WHERE `username`='nesty' AND `password`='a4fd01f750dabff701339a213c3be6af'
2022-05-25 20:17:25	| Data	|	INSERT INTO general_users( `username`, `password`, `role`)
        VALUES ('nesty','a4fd01f750dabff701339a213c3be6af','root');
2022-05-25 20:17:27	| Data	|	INSERT INTO general_users( `username`, `password`, `role`)
        VALUES ('nesty','a4fd01f750dabff701339a213c3be6af','root');
2022-05-25 20:18:08	| Data	|	SELECT * FROM general_users WHERE `username`='nesty' AND `password`='a4fd01f750dabff701339a213c3be6af'
2022-05-25 20:22:01	| Data	|	SELECT * FROM general_users WHERE `username`='nesty' AND `password`='a4fd01f750dabff701339a213c3be6af'
2022-05-25 20:36:40	| Data	|	SELECT * FROM general_users WHERE `username`='nesty' AND `password`='a4fd01f750dabff701339a213c3be6af'
2022-05-25 20:37:37	| Data	|	SELECT * FROM general_users WHERE `username`='nesty' AND `password`='a4fd01f750dabff701339a213c3be6af'
2022-05-25 20:38:14	| Data	|	SELECT * FROM general_users WHERE `username`='nesty' AND `password`='a4fd01f750dabff701339a213c3be6af'
2022-05-25 20:38:36	| Data	|	SELECT * FROM general_users WHERE `username`='nesty' AND `password`='a4fd01f750dabff701339a213c3be6af'
2022-05-25 20:41:11	| Data	|	SELECT * FROM general_users WHERE `username`='nesty' AND `password`='a4fd01f750dabff701339a213c3be6af'
2022-05-25 21:01:57	| Data	|	SELECT * FROM general_users WHERE `username`='nesty' AND `password`='a4fd01f750dabff701339a213c3be6af'
