2022-05-22 01:46:01	| Data	|	DELETE FROM main_vouchers WHERE `main_client` = ''; DELETE FROM main_clients WHERE `id` = '';
2022-05-22 01:50:22	| Data	|	DELETE FROM main_vouchers WHERE `main_client` = '{id}'; DELETE FROM main_clients WHERE `id` = '{id}';
2022-05-22 01:51:19	| Data	|	DELETE FROM main_vouchers WHERE `main_client` = '{id}'; DELETE FROM main_clients WHERE `id` = '{id}';
2022-05-22 01:51:29	| Data	|	DELETE FROM main_vouchers WHERE `main_client` = '12'; DELETE FROM main_clients WHERE `id` = '12';
2022-05-22 01:51:31	| Data	|	DELETE FROM main_vouchers WHERE `main_client` = '12'; DELETE FROM main_clients WHERE `id` = '12';
2022-05-22 01:53:50	| Data	|	DELETE FROM main_vouchers WHERE `main_client` = '12'; DELETE FROM main_clients WHERE `id` = '12';
2022-05-22 01:53:57	| Data	|	DELETE FROM main_vouchers WHERE `main_client` = '12'; DELETE FROM main_clients WHERE `id` = '12';
2022-05-22 01:53:59	| Data	|	DELETE FROM main_vouchers WHERE `main_client` = '13'; DELETE FROM main_clients WHERE `id` = '13';
2022-05-22 01:54:01	| Data	|	DELETE FROM main_vouchers WHERE `main_client` = '14'; DELETE FROM main_clients WHERE `id` = '14';
2022-05-22 01:54:35	| Data	|	DELETE FROM main_vouchers WHERE `main_client` = '14'; DELETE FROM main_clients WHERE `id` = '14';
2022-05-22 01:54:56	| Data	|	DELETE FROM main_vouchers WHERE `main_client` = '16'; DELETE FROM main_clients WHERE `id` = '16';
2022-05-22 01:58:07	| Data	|	DELETE FROM main_vouchers WHERE `main_client` = '12'; DELETE FROM main_clients WHERE `id` = '12';
2022-05-22 01:59:34	| Data	|	DELETE FROM main_vouchers WHERE `main_client` = '17'; DELETE FROM main_clients WHERE `id` = '17';
2022-05-22 02:00:54	| Data	|	DELETE FROM main_vouchers WHERE `main_client` = '20'; DELETE FROM main_clients WHERE `id` = '20';
2022-05-22 02:01:05	| Data	|	DELETE FROM main_vouchers WHERE `main_client` = '19'; DELETE FROM main_clients WHERE `id` = '19';
2022-05-22 02:01:34	| Data	|	DELETE FROM main_vouchers WHERE `main_client` = '21'; DELETE FROM main_clients WHERE `id` = '21';
2022-05-22 02:03:16	| Data	|	DELETE FROM main_vouchers WHERE `main_client` = '23'; DELETE FROM main_clients WHERE `id` = '23';
2022-05-22 02:03:29	| Data	|	DELETE FROM main_vouchers WHERE `main_client` = '24'; DELETE FROM main_clients WHERE `id` = '24';
2022-05-22 02:41:26	| Data	|	DELETE FROM main_vouchers WHERE `main_client` = '22'; DELETE FROM main_clients WHERE `id` = '22';
2022-05-22 02:59:55	| Data	|	SELECT * FROM `main_clients` WHERE `id` =  LIMIT 1
2022-05-22 03:00:01	| Data	|	SELECT * FROM `main_clients` WHERE `id` = 12 LIMIT 1
2022-05-22 03:00:07	| Data	|	SELECT * FROM `main_clients` WHERE `id` = 13 LIMIT 1
2022-05-22 03:01:18	| Data	|	SELECT * FROM `main_clients` WHERE `id` = 18 LIMIT 1
2022-05-22 03:01:31	| Data	|	SELECT * FROM `main_clients` WHERE `id` = 18 LIMIT 1
2022-05-22 03:02:04	| Data	|	SELECT * FROM `main_clients` WHERE `id` = 18 LIMIT 1
2022-05-22 03:02:56	| Data	|	SELECT * FROM `main_clients` WHERE `id` = 18 LIMIT 1
2022-05-22 03:03:18	| Data	|	SELECT * FROM `main_clients` WHERE `id` = 18 LIMIT 1
2022-05-22 03:03:51	| Data	|	SELECT * FROM `main_clients` WHERE `id` = 18 LIMIT 1
2022-05-22 03:04:15	| Data	|	SELECT * FROM `main_clients` WHERE `id` = 18 LIMIT 1
2022-05-22 03:05:30	| Data	|	SELECT * FROM `main_clients` WHERE `id` = 18 LIMIT 1
2022-05-22 03:05:44	| Data	|	SELECT * FROM `main_clients` WHERE `id` = 18 LIMIT 1
2022-05-22 03:06:02	| Data	|	SELECT * FROM `main_clients` WHERE `id` = 18 LIMIT 1
2022-05-22 03:06:30	| Data	|	SELECT * FROM `main_clients` WHERE `id` = 18 LIMIT 1
2022-05-22 03:08:38	| Data	|	SELECT * FROM `main_clients` WHERE `id` = 18 LIMIT 1
2022-05-22 03:09:30	| Data	|	SELECT * FROM `main_clients` WHERE `id` = 18 LIMIT 1
2022-05-22 03:11:29	| Data	|	DELETE FROM main_vouchers WHERE `main_client` = '18'; DELETE FROM main_clients WHERE `id` = '18';
2022-05-22 03:11:43	| Data	|	SELECT * FROM `main_clients` WHERE `id` = 15 LIMIT 1
2022-05-22 03:12:27	| Data	|	SELECT * FROM `main_clients` WHERE `id` = 15 LIMIT 1
2022-05-22 03:12:30	| Data	|	SELECT * FROM `main_clients` WHERE `id` = 15 LIMIT 1
2022-05-22 03:13:34	| Data	|	SELECT * FROM `main_clients` WHERE `id` = 15 LIMIT 1
2022-05-22 03:13:38	| Data	|	SELECT * FROM `main_clients` WHERE `id` = 13 LIMIT 1
2022-05-22 03:13:40	| Data	|	SELECT * FROM `main_clients` WHERE `id` = 13 LIMIT 1
2022-05-22 03:13:46	| Data	|	SELECT * FROM `main_clients` WHERE `id` = 13 LIMIT 1
2022-05-22 03:13:49	| Data	|	SELECT * FROM `main_clients` WHERE `id` = 13 LIMIT 1
2022-05-22 03:15:27	| Data	|	SELECT * FROM `main_clients` WHERE `id` = 15 LIMIT 1
2022-05-22 03:17:22	| Data	|	SELECT * FROM `main_clients` WHERE `id` = 15 LIMIT 1
2022-05-22 03:17:25	| Data	|	SELECT * FROM `main_clients` WHERE `id` = 15 LIMIT 1
2022-05-22 03:17:48	| Data	|	SELECT * FROM `main_clients` WHERE `id` = 15 LIMIT 1
2022-05-22 03:17:52	| Data	|	SELECT * FROM `main_clients` WHERE `id` = 15 LIMIT 1
2022-05-22 03:17:54	| Data	|	SELECT * FROM `main_clients` WHERE `id` = 15 LIMIT 1
2022-05-22 03:19:32	| Data	|	SELECT * FROM `main_clients` WHERE `id` = 15 LIMIT 1
2022-05-22 03:19:35	| Data	|	SELECT * FROM `main_clients` WHERE `id` = 15 LIMIT 1
2022-05-22 03:19:37	| Data	|	SELECT * FROM `main_clients` WHERE `id` = 15 LIMIT 1
2022-05-22 03:19:46	| Data	|	SELECT * FROM `main_clients` WHERE `id` = 15 LIMIT 1
2022-05-22 03:19:55	| Data	|	SELECT * FROM `main_clients` WHERE `id` = 15 LIMIT 1
2022-05-22 03:19:58	| Data	|	SELECT * FROM `main_clients` WHERE `id` = 15 LIMIT 1
2022-05-22 03:20:01	| Data	|	SELECT * FROM `main_clients` WHERE `id` = 15 LIMIT 1
2022-05-22 03:20:04	| Data	|	SELECT * FROM `main_clients` WHERE `id` = 15 LIMIT 1
2022-05-22 03:20:08	| Data	|	SELECT * FROM `main_clients` WHERE `id` = 13 LIMIT 1
2022-05-22 03:20:30	| Data	|	SELECT * FROM `main_clients` WHERE `id` = 15 LIMIT 1
2022-05-22 03:20:33	| Data	|	SELECT * FROM `main_clients` WHERE `id` = 13 LIMIT 1
2022-05-22 03:20:36	| Data	|	SELECT * FROM `main_clients` WHERE `id` = 13 LIMIT 1
2022-05-22 03:20:39	| Data	|	SELECT * FROM `main_clients` WHERE `id` = 15 LIMIT 1
2022-05-22 03:20:41	| Data	|	SELECT * FROM `main_clients` WHERE `id` = 13 LIMIT 1
2022-05-22 03:21:07	| Data	|	SELECT * FROM `main_clients` WHERE `id` = 15 LIMIT 1
2022-05-22 03:21:10	| Data	|	SELECT * FROM `main_clients` WHERE `id` = 15 LIMIT 1
2022-05-22 03:23:06	| Data	|	SELECT * FROM `main_clients` WHERE `id` = 15 LIMIT 1
2022-05-22 03:23:31	| Data	|	SELECT * FROM `main_clients` WHERE `id` = 15 LIMIT 1
2022-05-22 03:23:38	| Data	|	SELECT * FROM `main_clients` WHERE `id` = 13 LIMIT 1
2022-05-22 03:24:07	| Data	|	SELECT * FROM `main_clients` WHERE `id` = 15 LIMIT 1
2022-05-22 03:24:13	| Data	|	SELECT * FROM `main_clients` WHERE `id` = 15 LIMIT 1
2022-05-22 03:24:33	| Data	|	SELECT * FROM `main_clients` WHERE `id` = 15 LIMIT 1
2022-05-22 03:24:37	| Data	|	SELECT * FROM `main_clients` WHERE `id` = 15 LIMIT 1
2022-05-22 03:24:39	| Data	|	SELECT * FROM `main_clients` WHERE `id` = 13 LIMIT 1
2022-05-22 03:24:57	| Data	|	SELECT * FROM `main_clients` WHERE `id` = 15 LIMIT 1
2022-05-22 03:25:37	| Data	|	SELECT * FROM `main_clients` WHERE `id` = 15 LIMIT 1
2022-05-22 03:26:11	| Data	|	SELECT * FROM `main_clients` WHERE `id` = 15 LIMIT 1
2022-05-22 03:26:25	| Data	|	SELECT * FROM `main_clients` WHERE `id` = 15 LIMIT 1
2022-05-22 03:26:38	| Data	|	SELECT * FROM `main_clients` WHERE `id` = 15 LIMIT 1
2022-05-22 03:31:17	| Data	|	SELECT * FROM `main_clients` WHERE `id` = 15 LIMIT 1
2022-05-22 03:32:11	| Data	|	SELECT * FROM `main_clients` WHERE `id` = 15 LIMIT 1
2022-05-22 03:33:46	| Data	|	SELECT * FROM `main_clients` WHERE `id` = 15 LIMIT 1
2022-05-22 03:34:33	| Data	|	SELECT * FROM `main_clients` WHERE `id` = 15 LIMIT 1
2022-05-22 03:35:09	| Data	|	SELECT * FROM `main_clients` WHERE `id` = 15 LIMIT 1
2022-05-22 03:36:42	| Data	|	SELECT * FROM `main_clients` WHERE `id` = 15 LIMIT 1
2022-05-22 03:36:55	| Data	|	SELECT * FROM `main_clients` WHERE `id` = 15 LIMIT 1
2022-05-22 03:37:50	| Data	|	SELECT * FROM `main_clients` WHERE `id` = 15 LIMIT 1
2022-05-22 03:38:10	| Data	|	SELECT * FROM `main_clients` WHERE `id` = 15 LIMIT 1
2022-05-22 03:38:17	| Data	|	SELECT * FROM `main_clients` WHERE `id` = 15 LIMIT 1
2022-05-22 03:38:20	| Data	|	SELECT * FROM `main_clients` WHERE `id` = 15 LIMIT 1
2022-05-22 03:38:33	| Data	|	SELECT * FROM `main_clients` WHERE `id` = 15 LIMIT 1
2022-05-22 03:38:49	| Data	|	SELECT * FROM `main_clients` WHERE `id` = 13 LIMIT 1
2022-05-22 03:40:43	| Data	|	SELECT * FROM `main_clients` WHERE `id` = 15 LIMIT 1
2022-05-22 03:40:50	| Data	|	SELECT * FROM `main_clients` WHERE `id` = 13 LIMIT 1
