2022-05-30 04:01:33	| Data	|	SELECT * FROM general_users WHERE `username`='os.nesty@gmail.com' AND `password`='4bb4d57d6b5b021688128ad48a498ec6'
2022-05-30 04:01:54	| Data	|	SELECT * FROM general_users WHERE `username`='nesty' AND `password`='a4fd01f750dabff701339a213c3be6af'
2022-05-30 15:05:03	| Data	|	SELECT * FROM general_users WHERE `username`='os_nesty' AND `password`='a4fd01f750dabff701339a213c3be6af'
2022-05-30 15:05:08	| Data	|	SELECT * FROM general_users WHERE `username`='nesty' AND `password`='a4fd01f750dabff701339a213c3be6af'
2022-05-30 15:28:40	| Data	|	SELECT * FROM main_vouchers  ORDER BY `id` DESC LIMIT 10 ;
2022-05-30 15:38:13	| Data	|	SELECT * FROM main_vouchers, main_clients WHERE main_clients.`id` = main_vouchers.`main_client` RDER BY main_vouchers.`id` DESC LIMIT 10 ;
2022-05-30 15:38:32	| Data	|	SELECT * FROM main_vouchers, main_clients WHERE main_clients.`id` = main_vouchers.`main_client` ORDER BY main_vouchers.`id` DESC LIMIT 10 ;
2022-05-30 15:38:33	| Data	|	SELECT * FROM main_vouchers, main_clients WHERE main_clients.`id` = main_vouchers.`main_client` ORDER BY main_vouchers.`id` DESC LIMIT 10 ;
2022-05-30 15:39:07	| Data	|	SELECT * FROM main_vouchers, main_clients WHERE main_clients.`id` = main_vouchers.`main_client` ORDER BY main_vouchers.`id` DESC LIMIT 10 ;
2022-05-30 15:39:14	| Data	|	SELECT * FROM main_vouchers, main_clients WHERE main_clients.`id` = main_vouchers.`main_client` ORDER BY main_vouchers.`id` DESC LIMIT 10 ;
2022-05-30 15:39:31	| Data	|	SELECT * FROM main_vouchers, main_clients WHERE main_clients.`id` = main_vouchers.`main_client` ORDER BY main_vouchers.`id` DESC LIMIT 10 ;
2022-05-30 15:39:32	| Data	|	SELECT * FROM main_vouchers, main_clients WHERE main_clients.`id` = main_vouchers.`main_client` ORDER BY main_vouchers.`id` DESC LIMIT 10 ;
2022-05-30 15:39:40	| Data	|	SELECT * FROM main_vouchers, main_clients WHERE main_clients.`id` = main_vouchers.`main_client` ORDER BY main_vouchers.`id` DESC LIMIT 10 ;
2022-05-30 15:39:57	| Data	|	SELECT * FROM main_vouchers, main_clients WHERE main_clients.`id` = main_vouchers.`main_client` ORDER BY main_vouchers.`id` DESC LIMIT 10 ;
2022-05-30 15:40:32	| Data	|	SELECT * FROM main_vouchers, main_clients WHERE main_clients.`id` = main_vouchers.`main_client` ORDER BY main_vouchers.`id` DESC LIMIT 10 ;
2022-05-30 15:40:34	| Data	|	SELECT * FROM main_vouchers, main_clients WHERE main_clients.`id` = main_vouchers.`main_client` ORDER BY main_vouchers.`id` DESC LIMIT 10 ;
2022-05-30 15:40:59	| Data	|	SELECT * FROM main_vouchers, main_clients WHERE main_clients.`id` = main_vouchers.`main_client` ORDER BY main_vouchers.`id` DESC LIMIT 10 ;
2022-05-30 15:40:59	| Data	|	SELECT * FROM main_vouchers, main_clients WHERE main_clients.`id` = main_vouchers.`main_client` ORDER BY main_vouchers.`id` DESC LIMIT 10 ;
2022-05-30 15:41:12	| Data	|	SELECT * FROM main_vouchers, main_clients WHERE main_clients.`id` = main_vouchers.`main_client` ORDER BY main_vouchers.`id` DESC LIMIT 10 ;
2022-05-30 15:41:19	| Data	|	SELECT * FROM main_vouchers, main_clients WHERE main_clients.`id` = main_vouchers.`main_client` ORDER BY main_vouchers.`id` DESC LIMIT 10 ;
2022-05-30 15:41:19	| Data	|	SELECT * FROM main_vouchers, main_clients WHERE main_clients.`id` = main_vouchers.`main_client` ORDER BY main_vouchers.`id` DESC LIMIT 10 ;
2022-05-30 15:43:15	| Data	|	SELECT * FROM main_vouchers, main_clients WHERE main_clients.`id` = main_vouchers.`main_client` ORDER BY main_vouchers.`id` DESC LIMIT 10 ;
2022-05-30 15:43:16	| Data	|	SELECT * FROM main_vouchers, main_clients WHERE main_clients.`id` = main_vouchers.`main_client` ORDER BY main_vouchers.`id` DESC LIMIT 10 ;
2022-05-30 15:45:05	| Data	|	SELECT * FROM main_vouchers, main_clients WHERE main_clients.`id` = main_vouchers.`main_client` ORDER BY main_vouchers.`id` DESC LIMIT 10 ;
2022-05-30 15:45:06	| Data	|	SELECT * FROM main_vouchers, main_clients WHERE main_clients.`id` = main_vouchers.`main_client` ORDER BY main_vouchers.`id` DESC LIMIT 10 ;
2022-05-30 15:45:07	| Data	|	SELECT * FROM main_vouchers, main_clients WHERE main_clients.`id` = main_vouchers.`main_client` ORDER BY main_vouchers.`id` DESC LIMIT 10 ;
2022-05-30 15:45:07	| Data	|	SELECT * FROM main_vouchers, main_clients WHERE main_clients.`id` = main_vouchers.`main_client` ORDER BY main_vouchers.`id` DESC LIMIT 10 ;
2022-05-30 15:45:34	| Data	|	SELECT * FROM main_vouchers, main_clients WHERE main_clients.`id` = main_vouchers.`main_client` ORDER BY main_vouchers.`id` DESC LIMIT 10 ;
2022-05-30 15:47:07	| Data	|	SELECT * FROM main_vouchers, main_clients WHERE main_clients.`id` = main_vouchers.`main_client` ORDER BY main_vouchers.`id` DESC LIMIT 10 ;
2022-05-30 15:47:07	| Data	|	SELECT * FROM main_vouchers, main_clients WHERE main_clients.`id` = main_vouchers.`main_client` ORDER BY main_vouchers.`id` DESC LIMIT 10 ;
2022-05-30 15:47:07	| Data	|	SELECT * FROM main_vouchers, main_clients WHERE main_clients.`id` = main_vouchers.`main_client` ORDER BY main_vouchers.`id` DESC LIMIT 10 ;
2022-05-30 15:47:13	| Data	|	SELECT * FROM main_vouchers, main_clients WHERE main_clients.`id` = main_vouchers.`main_client` ORDER BY main_vouchers.`id` DESC LIMIT 10 ;
2022-05-30 15:47:14	| Data	|	SELECT * FROM main_vouchers, main_clients WHERE main_clients.`id` = main_vouchers.`main_client` ORDER BY main_vouchers.`id` DESC LIMIT 10 ;
2022-05-30 15:47:14	| Data	|	SELECT * FROM main_vouchers, main_clients WHERE main_clients.`id` = main_vouchers.`main_client` ORDER BY main_vouchers.`id` DESC LIMIT 10 ;
2022-05-30 15:47:20	| Data	|	SELECT * FROM main_vouchers, main_clients WHERE main_clients.`id` = main_vouchers.`main_client` ORDER BY main_vouchers.`id` DESC LIMIT 10 ;
2022-05-30 15:47:21	| Data	|	SELECT * FROM main_vouchers, main_clients WHERE main_clients.`id` = main_vouchers.`main_client` ORDER BY main_vouchers.`id` DESC LIMIT 10 ;
2022-05-30 15:53:30	| Data	|	SELECT * FROM main_vouchers, main_clients WHERE main_clients.`id` = main_vouchers.`main_client` ORDER BY main_vouchers.`id` DESC LIMIT 10 ;
2022-05-30 15:53:34	| Data	|	SELECT * FROM main_vouchers, main_clients WHERE main_clients.`id` = main_vouchers.`main_client` ORDER BY main_vouchers.`id` DESC LIMIT 10 ;
2022-05-30 15:54:18	| Data	|	SELECT * FROM main_vouchers, main_clients WHERE main_clients.`id` = main_vouchers.`main_client` ORDER BY main_vouchers.`id` DESC LIMIT 10 ;
2022-05-30 15:54:18	| Data	|	SELECT * FROM main_vouchers, main_clients WHERE main_clients.`id` = main_vouchers.`main_client` ORDER BY main_vouchers.`id` DESC LIMIT 10 ;
2022-05-30 15:54:19	| Data	|	SELECT * FROM main_vouchers, main_clients WHERE main_clients.`id` = main_vouchers.`main_client` ORDER BY main_vouchers.`id` DESC LIMIT 10 ;
2022-05-30 15:54:19	| Data	|	SELECT * FROM main_vouchers, main_clients WHERE main_clients.`id` = main_vouchers.`main_client` ORDER BY main_vouchers.`id` DESC LIMIT 10 ;
2022-05-30 16:24:10	| Data	|	SELECT * FROM main_vouchers, main_clients WHERE main_clients.`id` = main_vouchers.`main_client` ORDER BY main_vouchers.`id` DESC LIMIT 10 ;
2022-05-30 16:25:00	| Data	|	SELECT * FROM main_vouchers, main_clients WHERE main_clients.`id` = main_vouchers.`main_client` ORDER BY main_vouchers.`id` DESC LIMIT 10 ;
2022-05-30 16:26:04	| Data	|	SELECT * FROM main_vouchers, main_clients WHERE main_clients.`id` = main_vouchers.`main_client` ORDER BY main_vouchers.`id` DESC LIMIT 10 ;
2022-05-30 16:27:05	| Data	|	SELECT * FROM main_vouchers, main_clients WHERE main_clients.`id` = main_vouchers.`main_client` ORDER BY main_vouchers.`id` DESC LIMIT 10 ;
2022-05-30 16:27:05	| Data	|	SELECT * FROM main_vouchers, main_clients WHERE main_clients.`id` = main_vouchers.`main_client` ORDER BY main_vouchers.`id` DESC LIMIT 10 ;
2022-05-30 16:28:13	| Data	|	SELECT * FROM main_vouchers, main_clients WHERE main_clients.`id` = main_vouchers.`main_client` ORDER BY main_vouchers.`id` DESC LIMIT 10 ;
2022-05-30 16:28:37	| Data	|	SELECT * FROM main_vouchers, main_clients WHERE main_clients.`id` = main_vouchers.`main_client` ORDER BY main_vouchers.`id` DESC LIMIT 10 ;
2022-05-30 16:29:09	| Data	|	SELECT * FROM main_vouchers, main_clients WHERE main_clients.`id` = main_vouchers.`main_client` ORDER BY main_vouchers.`id` DESC LIMIT 10 ;
2022-05-30 16:45:03	| Data	|	SELECT * FROM main_vouchers, main_clients WHERE main_clients.`id` = main_vouchers.`main_client` ORDER BY main_vouchers.`id` DESC LIMIT 10 ;
2022-05-30 16:45:16	| Data	|	SELECT * FROM main_vouchers, main_clients WHERE main_clients.`id` = main_vouchers.`main_client` ORDER BY main_vouchers.`id` DESC LIMIT 10 ;
2022-05-30 16:45:26	| Data	|	SELECT * FROM main_vouchers, main_clients WHERE main_clients.`id` = main_vouchers.`main_client` ORDER BY main_vouchers.`id` DESC LIMIT 10 ;
2022-05-30 16:47:36	| Data	|	SELECT * FROM main_vouchers, main_clients WHERE main_clients.`id` = main_vouchers.`main_client` ORDER BY main_vouchers.`id` DESC LIMIT 10 ;
2022-05-30 16:47:45	| Data	|	SELECT * FROM main_vouchers, main_clients WHERE main_clients.`id` = main_vouchers.`main_client` ORDER BY main_vouchers.`id` DESC LIMIT 10 ;
2022-05-30 16:47:52	| Data	|	SELECT * FROM main_vouchers, main_clients WHERE main_clients.`id` = main_vouchers.`main_client` ORDER BY main_vouchers.`id` DESC LIMIT 10 ;
2022-05-30 16:48:15	| Data	|	SELECT * FROM main_vouchers, main_clients WHERE main_clients.`id` = main_vouchers.`main_client` ORDER BY main_vouchers.`id` DESC LIMIT 10 ;
2022-05-30 16:48:18	| Data	|	SELECT * FROM main_vouchers, main_clients WHERE main_clients.`id` = main_vouchers.`main_client` ORDER BY main_vouchers.`id` DESC LIMIT 10 ;
2022-05-30 16:48:18	| Data	|	SELECT * FROM main_vouchers, main_clients WHERE main_clients.`id` = main_vouchers.`main_client` ORDER BY main_vouchers.`id` DESC LIMIT 10 ;
2022-05-30 16:48:18	| Data	|	SELECT * FROM main_vouchers, main_clients WHERE main_clients.`id` = main_vouchers.`main_client` ORDER BY main_vouchers.`id` DESC LIMIT 10 ;
2022-05-30 16:48:19	| Data	|	SELECT * FROM main_vouchers, main_clients WHERE main_clients.`id` = main_vouchers.`main_client` ORDER BY main_vouchers.`id` DESC LIMIT 10 ;
2022-05-30 16:48:26	| Data	|	SELECT * FROM main_vouchers, main_clients WHERE main_clients.`id` = main_vouchers.`main_client` ORDER BY main_vouchers.`id` DESC LIMIT 10 ;
2022-05-30 16:48:27	| Data	|	SELECT * FROM main_vouchers, main_clients WHERE main_clients.`id` = main_vouchers.`main_client` ORDER BY main_vouchers.`id` DESC LIMIT 10 ;
2022-05-30 16:48:27	| Data	|	SELECT * FROM main_vouchers, main_clients WHERE main_clients.`id` = main_vouchers.`main_client` ORDER BY main_vouchers.`id` DESC LIMIT 10 ;
2022-05-30 16:48:27	| Data	|	SELECT * FROM main_vouchers, main_clients WHERE main_clients.`id` = main_vouchers.`main_client` ORDER BY main_vouchers.`id` DESC LIMIT 10 ;
2022-05-30 16:48:50	| Data	|	SELECT * FROM main_vouchers, main_clients WHERE main_clients.`id` = main_vouchers.`main_client` ORDER BY main_vouchers.`id` DESC LIMIT 10 ;
2022-05-30 16:49:12	| Data	|	SELECT * FROM main_vouchers, main_clients WHERE main_clients.`id` = main_vouchers.`main_client` ORDER BY main_vouchers.`id` DESC LIMIT 10 ;
2022-05-30 16:49:24	| Data	|	SELECT * FROM main_vouchers, main_clients WHERE main_clients.`id` = main_vouchers.`main_client` ORDER BY main_vouchers.`id` DESC LIMIT 10 ;
2022-05-30 16:49:56	| Data	|	SELECT * FROM main_vouchers, main_clients WHERE main_clients.`id` = main_vouchers.`main_client` ORDER BY main_vouchers.`id` DESC LIMIT 10 ;
2022-05-30 16:49:59	| Data	|	SELECT * FROM main_vouchers, main_clients WHERE main_clients.`id` = main_vouchers.`main_client` ORDER BY main_vouchers.`id` DESC LIMIT 10 ;
2022-05-30 16:50:19	| Data	|	SELECT * FROM main_vouchers, main_clients WHERE main_clients.`id` = main_vouchers.`main_client` ORDER BY main_vouchers.`id` DESC LIMIT 10 ;
2022-05-30 16:50:27	| Data	|	SELECT * FROM main_vouchers, main_clients WHERE main_clients.`id` = main_vouchers.`main_client` ORDER BY main_vouchers.`id` DESC LIMIT 10 ;
2022-05-30 16:50:55	| Data	|	SELECT * FROM main_vouchers, main_clients WHERE main_clients.`id` = main_vouchers.`main_client` ORDER BY main_vouchers.`id` DESC LIMIT 10 ;
2022-05-30 16:51:22	| Data	|	SELECT * FROM main_vouchers, main_clients WHERE main_clients.`id` = main_vouchers.`main_client` ORDER BY main_vouchers.`id` DESC LIMIT 10 ;
2022-05-30 16:51:29	| Data	|	SELECT * FROM main_vouchers, main_clients WHERE main_clients.`id` = main_vouchers.`main_client` ORDER BY main_vouchers.`id` DESC LIMIT 10 ;
2022-05-30 16:51:53	| Data	|	SELECT * FROM main_vouchers, main_clients WHERE main_clients.`id` = main_vouchers.`main_client` ORDER BY main_vouchers.`id` DESC LIMIT 10 ;
2022-05-30 16:51:53	| Data	|	SELECT * FROM main_vouchers, main_clients WHERE main_clients.`id` = main_vouchers.`main_client` ORDER BY main_vouchers.`id` DESC LIMIT 10 ;
2022-05-30 16:52:47	| Data	|	SELECT * FROM main_vouchers, main_clients WHERE main_clients.`id` = main_vouchers.`main_client` ORDER BY main_vouchers.`id` DESC LIMIT 10 ;
2022-05-30 16:52:48	| Data	|	SELECT * FROM main_vouchers, main_clients WHERE main_clients.`id` = main_vouchers.`main_client` ORDER BY main_vouchers.`id` DESC LIMIT 10 ;
2022-05-30 16:52:54	| Data	|	SELECT * FROM main_vouchers, main_clients WHERE main_clients.`id` = main_vouchers.`main_client` ORDER BY main_vouchers.`id` DESC LIMIT 10 ;
2022-05-30 16:53:07	| Data	|	SELECT * FROM main_vouchers, main_clients WHERE main_clients.`id` = main_vouchers.`main_client` ORDER BY main_vouchers.`id` DESC LIMIT 10 ;
2022-05-30 16:54:13	| Data	|	SELECT * FROM main_vouchers, main_clients WHERE main_clients.`id` = main_vouchers.`main_client` ORDER BY main_vouchers.`id` DESC LIMIT 10 ;
2022-05-30 16:54:14	| Data	|	SELECT * FROM main_vouchers, main_clients WHERE main_clients.`id` = main_vouchers.`main_client` ORDER BY main_vouchers.`id` DESC LIMIT 10 ;
2022-05-30 16:54:33	| Data	|	SELECT * FROM main_vouchers, main_clients WHERE main_clients.`id` = main_vouchers.`main_client` ORDER BY main_vouchers.`id` DESC LIMIT 10 ;
2022-05-30 16:54:33	| Data	|	SELECT * FROM main_vouchers, main_clients WHERE main_clients.`id` = main_vouchers.`main_client` ORDER BY main_vouchers.`id` DESC LIMIT 10 ;
2022-05-30 16:54:34	| Data	|	SELECT * FROM main_vouchers, main_clients WHERE main_clients.`id` = main_vouchers.`main_client` ORDER BY main_vouchers.`id` DESC LIMIT 10 ;
2022-05-30 16:54:40	| Data	|	SELECT * FROM main_vouchers, main_clients WHERE main_clients.`id` = main_vouchers.`main_client` ORDER BY main_vouchers.`id` DESC LIMIT 10 ;
2022-05-30 16:54:49	| Data	|	SELECT * FROM main_vouchers, main_clients WHERE main_clients.`id` = main_vouchers.`main_client` ORDER BY main_vouchers.`id` DESC LIMIT 10 ;
2022-05-30 16:55:05	| Data	|	SELECT * FROM main_vouchers, main_clients WHERE main_clients.`id` = main_vouchers.`main_client` ORDER BY main_vouchers.`id` DESC LIMIT 10 ;
2022-05-30 16:55:29	| Data	|	SELECT * FROM main_vouchers, main_clients WHERE main_clients.`id` = main_vouchers.`main_client` ORDER BY main_vouchers.`id` DESC LIMIT 10 ;
2022-05-30 16:55:29	| Data	|	SELECT * FROM main_vouchers, main_clients WHERE main_clients.`id` = main_vouchers.`main_client` ORDER BY main_vouchers.`id` DESC LIMIT 10 ;
2022-05-30 16:55:36	| Data	|	SELECT * FROM main_vouchers, main_clients WHERE main_clients.`id` = main_vouchers.`main_client` ORDER BY main_vouchers.`id` DESC LIMIT 10 ;
2022-05-30 16:55:36	| Data	|	SELECT * FROM main_vouchers, main_clients WHERE main_clients.`id` = main_vouchers.`main_client` ORDER BY main_vouchers.`id` DESC LIMIT 10 ;
2022-05-30 16:55:49	| Data	|	SELECT * FROM main_vouchers, main_clients WHERE main_clients.`id` = main_vouchers.`main_client` ORDER BY main_vouchers.`id` DESC LIMIT 10 ;
2022-05-30 16:56:38	| Data	|	SELECT * FROM main_vouchers, main_clients WHERE main_clients.`id` = main_vouchers.`main_client` ORDER BY main_vouchers.`id` DESC LIMIT 10 ;
2022-05-30 16:56:44	| Data	|	SELECT * FROM main_vouchers, main_clients WHERE main_clients.`id` = main_vouchers.`main_client` ORDER BY main_vouchers.`id` DESC LIMIT 10 ;
2022-05-30 16:58:26	| Data	|	SELECT * FROM main_vouchers, main_clients WHERE main_clients.`id` = main_vouchers.`main_client` ORDER BY main_vouchers.`id` DESC LIMIT 10 ;
2022-05-30 16:58:26	| Data	|	SELECT * FROM main_vouchers, main_clients WHERE main_clients.`id` = main_vouchers.`main_client` ORDER BY main_vouchers.`id` DESC LIMIT 10 ;
2022-05-30 16:59:06	| Data	|	SELECT * FROM main_vouchers, main_clients WHERE main_clients.`id` = main_vouchers.`main_client` ORDER BY main_vouchers.`id` DESC LIMIT 10 ;
2022-05-30 16:59:17	| Data	|	SELECT * FROM main_vouchers, main_clients WHERE main_clients.`id` = main_vouchers.`main_client` ORDER BY main_vouchers.`id` DESC LIMIT 10 ;
2022-05-30 16:59:31	| Data	|	SELECT * FROM main_vouchers, main_clients WHERE main_clients.`id` = main_vouchers.`main_client` ORDER BY main_vouchers.`id` DESC LIMIT 10 ;
2022-05-30 17:00:50	| Data	|	SELECT * FROM main_vouchers, main_clients WHERE main_clients.`id` = main_vouchers.`main_client` ORDER BY main_vouchers.`id` DESC LIMIT 10 ;
2022-05-30 17:02:29	| Data	|	SELECT * FROM main_vouchers, main_clients WHERE main_clients.`id` = main_vouchers.`main_client` ORDER BY main_vouchers.`id` DESC LIMIT 10 ;
2022-05-30 17:02:49	| Data	|	SELECT * FROM main_vouchers, main_clients WHERE main_clients.`id` = main_vouchers.`main_client` ORDER BY main_vouchers.`id` DESC LIMIT 10 ;
2022-05-30 17:02:49	| Data	|	SELECT * FROM main_vouchers, main_clients WHERE main_clients.`id` = main_vouchers.`main_client` ORDER BY main_vouchers.`id` DESC LIMIT 10 ;
2022-05-30 17:02:50	| Data	|	SELECT * FROM main_vouchers, main_clients WHERE main_clients.`id` = main_vouchers.`main_client` ORDER BY main_vouchers.`id` DESC LIMIT 10 ;
2022-05-30 17:05:22	| Data	|	SELECT * FROM main_vouchers, main_clients WHERE main_clients.`id` = main_vouchers.`main_client` ORDER BY main_vouchers.`id` DESC LIMIT 10 ;
2022-05-30 17:06:41	| Data	|	SELECT * FROM main_vouchers, main_clients WHERE main_clients.`id` = main_vouchers.`main_client` ORDER BY main_vouchers.`id` DESC LIMIT 10 ;
2022-05-30 17:07:24	| Data	|	SELECT * FROM main_vouchers, main_clients WHERE main_clients.`id` = main_vouchers.`main_client` ORDER BY main_vouchers.`id` DESC LIMIT 10 ;
2022-05-30 17:07:24	| Data	|	SELECT * FROM main_vouchers, main_clients WHERE main_clients.`id` = main_vouchers.`main_client` ORDER BY main_vouchers.`id` DESC LIMIT 10 ;
2022-05-30 17:08:34	| Data	|	SELECT * FROM main_vouchers, main_clients WHERE main_clients.`id` = main_vouchers.`main_client` ORDER BY main_vouchers.`id` DESC LIMIT 10 ;
2022-05-30 17:09:40	| Data	|	SELECT * FROM main_vouchers, main_clients WHERE main_clients.`id` = main_vouchers.`main_client` ORDER BY main_vouchers.`id` DESC LIMIT 10 ;
2022-05-30 17:09:41	| Data	|	SELECT * FROM main_vouchers, main_clients WHERE main_clients.`id` = main_vouchers.`main_client` ORDER BY main_vouchers.`id` DESC LIMIT 10 ;
2022-05-30 17:09:55	| Data	|	SELECT * FROM main_vouchers, main_clients WHERE main_clients.`id` = main_vouchers.`main_client` ORDER BY main_vouchers.`id` DESC LIMIT 10 ;
2022-05-30 17:10:04	| Data	|	SELECT * FROM main_vouchers, main_clients WHERE main_clients.`id` = main_vouchers.`main_client` ORDER BY main_vouchers.`id` DESC LIMIT 10 ;
2022-05-30 17:10:23	| Data	|	SELECT * FROM main_vouchers, main_clients WHERE main_clients.`id` = main_vouchers.`main_client` ORDER BY main_vouchers.`id` DESC LIMIT 10 ;
2022-05-30 17:10:29	| Data	|	SELECT * FROM main_vouchers, main_clients WHERE main_clients.`id` = main_vouchers.`main_client` ORDER BY main_vouchers.`id` DESC LIMIT 10 ;
2022-05-30 17:10:34	| Data	|	SELECT * FROM main_vouchers, main_clients WHERE main_clients.`id` = main_vouchers.`main_client` ORDER BY main_vouchers.`id` DESC LIMIT 10 ;
2022-05-30 17:11:02	| Data	|	SELECT * FROM main_vouchers, main_clients WHERE main_clients.`id` = main_vouchers.`main_client` ORDER BY main_vouchers.`id` DESC LIMIT 10 ;
2022-05-30 17:11:16	| Data	|	SELECT * FROM main_vouchers, main_clients WHERE main_clients.`id` = main_vouchers.`main_client` ORDER BY main_vouchers.`id` DESC LIMIT 10 ;
2022-05-30 17:11:26	| Data	|	SELECT * FROM main_vouchers, main_clients WHERE main_clients.`id` = main_vouchers.`main_client` ORDER BY main_vouchers.`id` DESC LIMIT 10 ;
2022-05-30 17:11:26	| Data	|	SELECT * FROM main_vouchers, main_clients WHERE main_clients.`id` = main_vouchers.`main_client` ORDER BY main_vouchers.`id` DESC LIMIT 10 ;
2022-05-30 17:12:29	| Data	|	SELECT * FROM main_vouchers, main_clients WHERE main_clients.`id` = main_vouchers.`main_client` ORDER BY main_vouchers.`id` DESC LIMIT 10 ;
2022-05-30 17:15:11	| Data	|	SELECT * FROM main_vouchers, main_clients WHERE main_clients.`id` = main_vouchers.`main_client` ORDER BY main_vouchers.`id` DESC LIMIT 10 ;
2022-05-30 17:26:04	| Data	|	SELECT * FROM main_vouchers, main_clients WHERE main_clients.`id` = main_vouchers.`main_client` ORDER BY main_vouchers.`id` DESC LIMIT 10 ;
2022-05-30 17:26:17	| Data	|	SELECT * FROM main_vouchers, main_clients WHERE main_clients.`id` = main_vouchers.`main_client` ORDER BY main_vouchers.`id` DESC LIMIT 10 ;
2022-05-30 17:27:08	| Data	|	SELECT * FROM main_vouchers, main_clients WHERE main_clients.`id` = main_vouchers.`main_client` ORDER BY main_vouchers.`id` DESC LIMIT 10 ;
2022-05-30 17:27:08	| Data	|	SELECT * FROM main_vouchers, main_clients WHERE main_clients.`id` = main_vouchers.`main_client` ORDER BY main_vouchers.`id` DESC LIMIT 10 ;
2022-05-30 17:27:10	| Data	|	SELECT * FROM main_vouchers, main_clients WHERE main_clients.`id` = main_vouchers.`main_client` ORDER BY main_vouchers.`id` DESC LIMIT 10 ;
2022-05-30 17:27:29	| Data	|	SELECT * FROM main_vouchers, main_clients WHERE main_clients.`id` = main_vouchers.`main_client` ORDER BY main_vouchers.`id` DESC LIMIT 10 ;
2022-05-30 17:27:35	| Data	|	SELECT * FROM main_vouchers, main_clients WHERE main_clients.`id` = main_vouchers.`main_client` ORDER BY main_vouchers.`id` DESC LIMIT 10 ;
2022-05-30 17:27:40	| Data	|	SELECT * FROM main_vouchers, main_clients WHERE main_clients.`id` = main_vouchers.`main_client` ORDER BY main_vouchers.`id` DESC LIMIT 10 ;
2022-05-30 17:27:40	| Data	|	SELECT * FROM main_vouchers, main_clients WHERE main_clients.`id` = main_vouchers.`main_client` ORDER BY main_vouchers.`id` DESC LIMIT 10 ;
2022-05-30 17:27:47	| Data	|	SELECT * FROM main_vouchers, main_clients WHERE main_clients.`id` = main_vouchers.`main_client` ORDER BY main_vouchers.`id` DESC LIMIT 10 ;
2022-05-30 17:27:47	| Data	|	SELECT * FROM main_vouchers, main_clients WHERE main_clients.`id` = main_vouchers.`main_client` ORDER BY main_vouchers.`id` DESC LIMIT 10 ;
2022-05-30 17:27:52	| Data	|	SELECT * FROM main_vouchers, main_clients WHERE main_clients.`id` = main_vouchers.`main_client` ORDER BY main_vouchers.`id` DESC LIMIT 10 ;
2022-05-30 17:28:10	| Data	|	SELECT * FROM main_vouchers, main_clients WHERE main_clients.`id` = main_vouchers.`main_client` ORDER BY main_vouchers.`id` DESC LIMIT 10 ;
2022-05-30 17:28:30	| Data	|	SELECT * FROM main_vouchers, main_clients WHERE main_clients.`id` = main_vouchers.`main_client` ORDER BY main_vouchers.`id` DESC LIMIT 10 ;
2022-05-30 17:28:36	| Data	|	SELECT * FROM main_vouchers, main_clients WHERE main_clients.`id` = main_vouchers.`main_client` ORDER BY main_vouchers.`id` DESC LIMIT 10 ;
2022-05-30 17:28:53	| Data	|	SELECT * FROM main_vouchers, main_clients WHERE main_clients.`id` = main_vouchers.`main_client` ORDER BY main_vouchers.`id` DESC LIMIT 10 ;
2022-05-30 17:29:49	| Data	|	SELECT * FROM main_vouchers, main_clients WHERE main_clients.`id` = main_vouchers.`main_client` ORDER BY main_vouchers.`id` DESC LIMIT 10 ;
2022-05-30 17:30:15	| Data	|	SELECT * FROM main_vouchers, main_clients WHERE main_clients.`id` = main_vouchers.`main_client` ORDER BY main_vouchers.`id` DESC LIMIT 10 ;
2022-05-30 17:30:29	| Data	|	SELECT * FROM main_vouchers, main_clients WHERE main_clients.`id` = main_vouchers.`main_client` ORDER BY main_vouchers.`id` DESC LIMIT 10 ;
2022-05-30 17:31:22	| Data	|	SELECT * FROM main_vouchers, main_clients WHERE main_clients.`id` = main_vouchers.`main_client` ORDER BY main_vouchers.`id` DESC LIMIT 10 ;
2022-05-30 17:31:31	| Data	|	SELECT * FROM main_vouchers, main_clients WHERE main_clients.`id` = main_vouchers.`main_client` ORDER BY main_vouchers.`id` DESC LIMIT 10 ;
2022-05-30 17:31:51	| Data	|	SELECT * FROM main_vouchers, main_clients WHERE main_clients.`id` = main_vouchers.`main_client` ORDER BY main_vouchers.`id` DESC LIMIT 10 ;
2022-05-30 17:32:08	| Data	|	SELECT * FROM main_vouchers, main_clients WHERE main_clients.`id` = main_vouchers.`main_client` ORDER BY main_vouchers.`id` DESC LIMIT 10 ;
2022-05-30 17:32:23	| Data	|	SELECT * FROM main_vouchers, main_clients WHERE main_clients.`id` = main_vouchers.`main_client` ORDER BY main_vouchers.`id` DESC LIMIT 10 ;
2022-05-30 17:32:36	| Data	|	SELECT * FROM main_vouchers, main_clients WHERE main_clients.`id` = main_vouchers.`main_client` ORDER BY main_vouchers.`id` DESC LIMIT 10 ;
2022-05-30 17:32:41	| Data	|	SELECT * FROM main_vouchers, main_clients WHERE main_clients.`id` = main_vouchers.`main_client` ORDER BY main_vouchers.`id` DESC LIMIT 10 ;
2022-05-30 17:34:35	| Data	|	SELECT * FROM main_vouchers, main_clients WHERE main_clients.`id` = main_vouchers.`main_client` ORDER BY main_vouchers.`id` DESC LIMIT 10 ;
2022-05-30 17:34:35	| Data	|	SELECT * FROM main_vouchers, main_clients WHERE main_clients.`id` = main_vouchers.`main_client` ORDER BY main_vouchers.`id` DESC LIMIT 10 ;
2022-05-30 17:35:03	| Data	|	SELECT * FROM main_vouchers, main_clients WHERE main_clients.`id` = main_vouchers.`main_client` ORDER BY main_vouchers.`id` DESC LIMIT 10 ;
2022-05-30 17:35:03	| Data	|	SELECT * FROM main_vouchers, main_clients WHERE main_clients.`id` = main_vouchers.`main_client` ORDER BY main_vouchers.`id` DESC LIMIT 10 ;
2022-05-30 17:35:10	| Data	|	SELECT * FROM main_vouchers, main_clients WHERE main_clients.`id` = main_vouchers.`main_client` ORDER BY main_vouchers.`id` DESC LIMIT 10 ;
2022-05-30 17:35:11	| Data	|	SELECT * FROM main_vouchers, main_clients WHERE main_clients.`id` = main_vouchers.`main_client` ORDER BY main_vouchers.`id` DESC LIMIT 10 ;
2022-05-30 17:35:23	| Data	|	SELECT * FROM main_vouchers, main_clients WHERE main_clients.`id` = main_vouchers.`main_client` ORDER BY main_vouchers.`id` DESC LIMIT 10 ;
2022-05-30 17:36:09	| Data	|	SELECT * FROM main_vouchers, main_clients WHERE main_clients.`id` = main_vouchers.`main_client` ORDER BY main_vouchers.`id` DESC LIMIT 10 ;
2022-05-30 17:36:10	| Data	|	SELECT * FROM main_vouchers, main_clients WHERE main_clients.`id` = main_vouchers.`main_client` ORDER BY main_vouchers.`id` DESC LIMIT 10 ;
2022-05-30 17:36:22	| Data	|	SELECT * FROM main_vouchers, main_clients WHERE main_clients.`id` = main_vouchers.`main_client` ORDER BY main_vouchers.`id` DESC LIMIT 10 ;
2022-05-30 17:36:22	| Data	|	SELECT * FROM main_vouchers, main_clients WHERE main_clients.`id` = main_vouchers.`main_client` ORDER BY main_vouchers.`id` DESC LIMIT 10 ;
2022-05-30 17:36:30	| Data	|	SELECT * FROM main_vouchers, main_clients WHERE main_clients.`id` = main_vouchers.`main_client` ORDER BY main_vouchers.`id` DESC LIMIT 10 ;
2022-05-30 17:36:31	| Data	|	SELECT * FROM main_vouchers, main_clients WHERE main_clients.`id` = main_vouchers.`main_client` ORDER BY main_vouchers.`id` DESC LIMIT 10 ;
2022-05-30 17:36:39	| Data	|	SELECT * FROM main_vouchers, main_clients WHERE main_clients.`id` = main_vouchers.`main_client` ORDER BY main_vouchers.`id` DESC LIMIT 10 ;
2022-05-30 17:36:39	| Data	|	SELECT * FROM main_vouchers, main_clients WHERE main_clients.`id` = main_vouchers.`main_client` ORDER BY main_vouchers.`id` DESC LIMIT 10 ;
2022-05-30 17:37:46	| Data	|	SELECT * FROM main_vouchers, main_clients WHERE main_clients.`id` = main_vouchers.`main_client` ORDER BY main_vouchers.`id` DESC LIMIT 10 ;
2022-05-30 17:37:46	| Data	|	SELECT * FROM main_vouchers, main_clients WHERE main_clients.`id` = main_vouchers.`main_client` ORDER BY main_vouchers.`id` DESC LIMIT 10 ;
2022-05-30 17:38:48	| Data	|	SELECT * FROM main_vouchers, main_clients WHERE main_clients.`id` = main_vouchers.`main_client` ORDER BY main_vouchers.`id` DESC LIMIT 10 ;
2022-05-30 17:38:49	| Data	|	SELECT * FROM main_vouchers, main_clients WHERE main_clients.`id` = main_vouchers.`main_client` ORDER BY main_vouchers.`id` DESC LIMIT 10 ;
2022-05-30 17:39:08	| Data	|	SELECT * FROM main_vouchers, main_clients WHERE main_clients.`id` = main_vouchers.`main_client` ORDER BY main_vouchers.`id` DESC LIMIT 10 ;
2022-05-30 17:39:08	| Data	|	SELECT * FROM main_vouchers, main_clients WHERE main_clients.`id` = main_vouchers.`main_client` ORDER BY main_vouchers.`id` DESC LIMIT 10 ;
2022-05-30 17:39:24	| Data	|	SELECT * FROM main_vouchers, main_clients WHERE main_clients.`id` = main_vouchers.`main_client` ORDER BY main_vouchers.`id` DESC LIMIT 10 ;
2022-05-30 17:39:24	| Data	|	SELECT * FROM main_vouchers, main_clients WHERE main_clients.`id` = main_vouchers.`main_client` ORDER BY main_vouchers.`id` DESC LIMIT 10 ;
2022-05-30 17:40:26	| Data	|	SELECT * FROM main_vouchers, main_clients WHERE main_clients.`id` = main_vouchers.`main_client` ORDER BY main_vouchers.`id` DESC LIMIT 10 ;
2022-05-30 17:40:27	| Data	|	SELECT * FROM main_vouchers, main_clients WHERE main_clients.`id` = main_vouchers.`main_client` ORDER BY main_vouchers.`id` DESC LIMIT 10 ;
2022-05-30 18:26:07	| Data	|	SELECT * FROM main_vouchers, main_clients WHERE main_clients.`id` = main_vouchers.`main_client` ORDER BY main_vouchers.`id` DESC LIMIT 10 ;
2022-05-30 18:26:26	| Data	|	SELECT * FROM main_vouchers, main_clients WHERE main_clients.`id` = main_vouchers.`main_client` ORDER BY main_vouchers.`id` DESC LIMIT 10 ;
2022-05-30 18:26:31	| Data	|	SELECT * FROM main_vouchers, main_clients WHERE main_clients.`id` = main_vouchers.`main_client` ORDER BY main_vouchers.`id` DESC LIMIT 10 ;
2022-05-30 18:26:36	| Data	|	SELECT * FROM main_vouchers, main_clients WHERE main_clients.`id` = main_vouchers.`main_client` ORDER BY main_vouchers.`id` DESC LIMIT 10 ;
2022-05-30 18:26:55	| Data	|	SELECT * FROM main_vouchers, main_clients WHERE main_clients.`id` = main_vouchers.`main_client` ORDER BY main_vouchers.`id` DESC LIMIT 10 ;
2022-05-30 18:27:16	| Data	|	SELECT * FROM main_vouchers, main_clients WHERE main_clients.`id` = main_vouchers.`main_client` ORDER BY main_vouchers.`id` DESC LIMIT 10 ;
2022-05-30 18:27:16	| Data	|	SELECT * FROM main_vouchers, main_clients WHERE main_clients.`id` = main_vouchers.`main_client` ORDER BY main_vouchers.`id` DESC LIMIT 10 ;
2022-05-30 18:27:36	| Data	|	SELECT * FROM main_vouchers, main_clients WHERE main_clients.`id` = main_vouchers.`main_client` ORDER BY main_vouchers.`id` DESC LIMIT 10 ;
2022-05-30 18:31:14	| Data	|	SELECT * FROM main_vouchers, main_clients WHERE main_clients.`id` = main_vouchers.`main_client` ORDER BY main_vouchers.`id` DESC LIMIT 10 ;
2022-05-30 18:32:46	| Data	|	SELECT * FROM main_vouchers, main_clients WHERE main_clients.`id` = main_vouchers.`main_client` ORDER BY main_vouchers.`id` DESC LIMIT 10 ;
2022-05-30 18:32:46	| Data	|	SELECT * FROM main_vouchers, main_clients WHERE main_clients.`id` = main_vouchers.`main_client` ORDER BY main_vouchers.`id` DESC LIMIT 10 ;
2022-05-30 18:33:22	| Data	|	SELECT * FROM main_vouchers, main_clients WHERE main_clients.`id` = main_vouchers.`main_client` ORDER BY main_vouchers.`id` DESC LIMIT 10 ;
2022-05-30 18:33:44	| Data	|	SELECT * FROM main_vouchers, main_clients WHERE main_clients.`id` = main_vouchers.`main_client` ORDER BY main_vouchers.`id` DESC LIMIT 10 ;
2022-05-30 18:34:12	| Data	|	SELECT * FROM main_vouchers, main_clients WHERE main_clients.`id` = main_vouchers.`main_client` ORDER BY main_vouchers.`id` DESC LIMIT 10 ;
2022-05-30 18:34:13	| Data	|	SELECT * FROM main_vouchers, main_clients WHERE main_clients.`id` = main_vouchers.`main_client` ORDER BY main_vouchers.`id` DESC LIMIT 10 ;
2022-05-30 18:34:26	| Data	|	SELECT * FROM main_vouchers, main_clients WHERE main_clients.`id` = main_vouchers.`main_client` ORDER BY main_vouchers.`id` DESC LIMIT 10 ;
2022-05-30 18:34:31	| Data	|	SELECT * FROM main_vouchers, main_clients WHERE main_clients.`id` = main_vouchers.`main_client` ORDER BY main_vouchers.`id` DESC LIMIT 10 ;
2022-05-30 18:35:19	| Data	|	SELECT * FROM main_vouchers, main_clients WHERE main_clients.`id` = main_vouchers.`main_client` ORDER BY main_vouchers.`id` DESC LIMIT 10 ;
2022-05-30 18:35:35	| Data	|	SELECT * FROM main_vouchers, main_clients WHERE main_clients.`id` = main_vouchers.`main_client` ORDER BY main_vouchers.`id` DESC LIMIT 10 ;
2022-05-30 18:36:32	| Data	|	SELECT * FROM main_vouchers, main_clients WHERE main_clients.`id` = main_vouchers.`main_client` ORDER BY main_vouchers.`id` DESC LIMIT 10 ;
2022-05-30 18:36:46	| Data	|	SELECT * FROM main_vouchers, main_clients WHERE main_clients.`id` = main_vouchers.`main_client` ORDER BY main_vouchers.`id` DESC LIMIT 10 ;
2022-05-30 18:36:46	| Data	|	SELECT * FROM main_vouchers, main_clients WHERE main_clients.`id` = main_vouchers.`main_client` ORDER BY main_vouchers.`id` DESC LIMIT 10 ;
2022-05-30 18:37:09	| Data	|	SELECT * FROM main_vouchers, main_clients WHERE main_clients.`id` = main_vouchers.`main_client` ORDER BY main_vouchers.`id` DESC LIMIT 10 ;
2022-05-30 18:37:09	| Data	|	SELECT * FROM main_vouchers, main_clients WHERE main_clients.`id` = main_vouchers.`main_client` ORDER BY main_vouchers.`id` DESC LIMIT 10 ;
2022-05-30 18:37:18	| Data	|	SELECT * FROM main_vouchers, main_clients WHERE main_clients.`id` = main_vouchers.`main_client` ORDER BY main_vouchers.`id` DESC LIMIT 10 ;
2022-05-30 18:38:21	| Data	|	SELECT * FROM main_vouchers, main_clients WHERE main_clients.`id` = main_vouchers.`main_client` ORDER BY main_vouchers.`id` DESC LIMIT 10 ;
2022-05-30 18:38:21	| Data	|	SELECT * FROM main_vouchers, main_clients WHERE main_clients.`id` = main_vouchers.`main_client` ORDER BY main_vouchers.`id` DESC LIMIT 10 ;
2022-05-30 18:38:46	| Data	|	SELECT * FROM main_vouchers, main_clients WHERE main_clients.`id` = main_vouchers.`main_client` ORDER BY main_vouchers.`id` DESC LIMIT 10 ;
2022-05-30 18:39:06	| Data	|	SELECT * FROM main_vouchers, main_clients WHERE main_clients.`id` = main_vouchers.`main_client` ORDER BY main_vouchers.`id` DESC LIMIT 10 ;
2022-05-30 18:39:30	| Data	|	SELECT * FROM main_vouchers, main_clients WHERE main_clients.`id` = main_vouchers.`main_client` ORDER BY main_vouchers.`id` DESC LIMIT 10 ;
2022-05-30 18:39:39	| Data	|	SELECT * FROM main_vouchers, main_clients WHERE main_clients.`id` = main_vouchers.`main_client` ORDER BY main_vouchers.`id` DESC LIMIT 10 ;
2022-05-30 18:39:55	| Data	|	SELECT * FROM main_vouchers, main_clients WHERE main_clients.`id` = main_vouchers.`main_client` ORDER BY main_vouchers.`id` DESC LIMIT 10 ;
2022-05-30 18:40:33	| Data	|	SELECT * FROM main_vouchers, main_clients WHERE main_clients.`id` = main_vouchers.`main_client` ORDER BY main_vouchers.`id` DESC LIMIT 10 ;
2022-05-30 18:40:44	| Data	|	SELECT * FROM main_vouchers, main_clients WHERE main_clients.`id` = main_vouchers.`main_client` ORDER BY main_vouchers.`id` DESC LIMIT 10 ;
2022-05-30 18:41:18	| Data	|	SELECT * FROM main_vouchers, main_clients WHERE main_clients.`id` = main_vouchers.`main_client` ORDER BY main_vouchers.`id` DESC LIMIT 10 ;
2022-05-30 18:41:41	| Data	|	SELECT * FROM main_vouchers, main_clients WHERE main_clients.`id` = main_vouchers.`main_client` ORDER BY main_vouchers.`id` DESC LIMIT 10 ;
2022-05-30 18:41:59	| Data	|	SELECT * FROM main_vouchers, main_clients WHERE main_clients.`id` = main_vouchers.`main_client` ORDER BY main_vouchers.`id` DESC LIMIT 10 ;
2022-05-30 18:42:12	| Data	|	SELECT * FROM main_vouchers, main_clients WHERE main_clients.`id` = main_vouchers.`main_client` ORDER BY main_vouchers.`id` DESC LIMIT 10 ;
2022-05-30 18:42:18	| Data	|	SELECT * FROM main_vouchers, main_clients WHERE main_clients.`id` = main_vouchers.`main_client` ORDER BY main_vouchers.`id` DESC LIMIT 10 ;
2022-05-30 18:42:20	| Data	|	SELECT * FROM main_vouchers, main_clients WHERE main_clients.`id` = main_vouchers.`main_client` ORDER BY main_vouchers.`id` DESC LIMIT 10 ;
2022-05-30 18:42:33	| Data	|	SELECT * FROM main_vouchers, main_clients WHERE main_clients.`id` = main_vouchers.`main_client` ORDER BY main_vouchers.`id` DESC LIMIT 10 ;
2022-05-30 18:42:33	| Data	|	SELECT * FROM main_vouchers, main_clients WHERE main_clients.`id` = main_vouchers.`main_client` ORDER BY main_vouchers.`id` DESC LIMIT 10 ;
2022-05-30 18:42:48	| Data	|	SELECT * FROM main_vouchers, main_clients WHERE main_clients.`id` = main_vouchers.`main_client` ORDER BY main_vouchers.`id` DESC LIMIT 10 ;
2022-05-30 18:42:52	| Data	|	SELECT * FROM main_vouchers, main_clients WHERE main_clients.`id` = main_vouchers.`main_client` ORDER BY main_vouchers.`id` DESC LIMIT 10 ;
2022-05-30 18:42:59	| Data	|	SELECT * FROM main_vouchers, main_clients WHERE main_clients.`id` = main_vouchers.`main_client` ORDER BY main_vouchers.`id` DESC LIMIT 10 ;
2022-05-30 18:43:08	| Data	|	SELECT * FROM main_vouchers, main_clients WHERE main_clients.`id` = main_vouchers.`main_client` ORDER BY main_vouchers.`id` DESC LIMIT 10 ;
2022-05-30 18:43:09	| Data	|	SELECT * FROM main_vouchers, main_clients WHERE main_clients.`id` = main_vouchers.`main_client` ORDER BY main_vouchers.`id` DESC LIMIT 10 ;
2022-05-30 18:43:14	| Data	|	SELECT * FROM main_vouchers, main_clients WHERE main_clients.`id` = main_vouchers.`main_client` ORDER BY main_vouchers.`id` DESC LIMIT 10 ;
2022-05-30 18:43:14	| Data	|	SELECT * FROM main_vouchers, main_clients WHERE main_clients.`id` = main_vouchers.`main_client` ORDER BY main_vouchers.`id` DESC LIMIT 10 ;
2022-05-30 18:44:12	| Data	|	SELECT * FROM main_vouchers, main_clients WHERE main_clients.`id` = main_vouchers.`main_client` ORDER BY main_vouchers.`id` DESC LIMIT 10 ;
2022-05-30 18:44:23	| Data	|	SELECT * FROM main_vouchers, main_clients WHERE main_clients.`id` = main_vouchers.`main_client` ORDER BY main_vouchers.`id` DESC LIMIT 10 ;
2022-05-30 18:44:23	| Data	|	SELECT * FROM main_vouchers, main_clients WHERE main_clients.`id` = main_vouchers.`main_client` ORDER BY main_vouchers.`id` DESC LIMIT 10 ;
2022-05-30 18:45:00	| Data	|	SELECT * FROM main_vouchers, main_clients WHERE main_clients.`id` = main_vouchers.`main_client` ORDER BY main_vouchers.`id` DESC LIMIT 10 ;
2022-05-30 18:45:34	| Data	|	SELECT * FROM main_vouchers, main_clients WHERE main_clients.`id` = main_vouchers.`main_client` ORDER BY main_vouchers.`id` DESC LIMIT 10 ;
2022-05-30 18:45:59	| Data	|	SELECT * FROM main_vouchers, main_clients WHERE main_clients.`id` = main_vouchers.`main_client` ORDER BY main_vouchers.`id` DESC LIMIT 10 ;
2022-05-30 18:46:15	| Data	|	SELECT * FROM main_vouchers, main_clients WHERE main_clients.`id` = main_vouchers.`main_client` ORDER BY main_vouchers.`id` DESC LIMIT 10 ;
2022-05-30 18:46:32	| Data	|	SELECT * FROM main_vouchers, main_clients WHERE main_clients.`id` = main_vouchers.`main_client` ORDER BY main_vouchers.`id` DESC LIMIT 10 ;
2022-05-30 18:46:42	| Data	|	SELECT * FROM main_vouchers, main_clients WHERE main_clients.`id` = main_vouchers.`main_client` ORDER BY main_vouchers.`id` DESC LIMIT 10 ;
2022-05-30 18:46:52	| Data	|	SELECT * FROM main_vouchers, main_clients WHERE main_clients.`id` = main_vouchers.`main_client` ORDER BY main_vouchers.`id` DESC LIMIT 10 ;
2022-05-30 18:46:52	| Data	|	SELECT * FROM main_vouchers, main_clients WHERE main_clients.`id` = main_vouchers.`main_client` ORDER BY main_vouchers.`id` DESC LIMIT 10 ;
2022-05-30 18:47:09	| Data	|	SELECT * FROM main_vouchers, main_clients WHERE main_clients.`id` = main_vouchers.`main_client` ORDER BY main_vouchers.`id` DESC LIMIT 10 ;
2022-05-30 18:47:09	| Data	|	SELECT * FROM main_vouchers, main_clients WHERE main_clients.`id` = main_vouchers.`main_client` ORDER BY main_vouchers.`id` DESC LIMIT 10 ;
2022-05-30 18:47:21	| Data	|	SELECT * FROM main_vouchers, main_clients WHERE main_clients.`id` = main_vouchers.`main_client` ORDER BY main_vouchers.`id` DESC LIMIT 10 ;
2022-05-30 18:47:44	| Data	|	SELECT * FROM main_vouchers, main_clients WHERE main_clients.`id` = main_vouchers.`main_client` ORDER BY main_vouchers.`id` DESC LIMIT 10 ;
2022-05-30 18:48:00	| Data	|	SELECT * FROM main_vouchers, main_clients WHERE main_clients.`id` = main_vouchers.`main_client` ORDER BY main_vouchers.`id` DESC LIMIT 10 ;
2022-05-30 19:00:06	| Data	|	SELECT * FROM main_vouchers, main_clients WHERE main_clients.`id` = main_vouchers.`main_client` ORDER BY main_vouchers.`id` DESC LIMIT 10 ;
2022-05-30 19:00:09	| Data	|	SELECT * FROM main_vouchers, main_clients WHERE main_clients.`id` = main_vouchers.`main_client` ORDER BY main_vouchers.`id` DESC LIMIT 10 ;
2022-05-30 19:00:23	| Data	|	SELECT * FROM main_vouchers, main_clients WHERE main_clients.`id` = main_vouchers.`main_client` ORDER BY main_vouchers.`id` DESC LIMIT 10 ;
2022-05-30 19:00:51	| Data	|	SELECT * FROM main_vouchers, main_clients WHERE main_clients.`id` = main_vouchers.`main_client` ORDER BY main_vouchers.`id` DESC LIMIT 10 ;
2022-05-30 19:14:25	| Data	|	SELECT * FROM main_vouchers, main_clients WHERE main_clients.`id` = main_vouchers.`main_client` ORDER BY main_vouchers.`id` DESC LIMIT 10 ;
2022-05-30 19:25:23	| Data	|	SELECT * FROM main_vouchers, main_clients WHERE main_clients.`id` = main_vouchers.`main_client` ORDER BY main_vouchers.`id` DESC LIMIT 10 ;
2022-05-30 19:27:25	| Data	|	SELECT * FROM main_vouchers, main_clients WHERE main_clients.`id` = main_vouchers.`main_client` ORDER BY main_vouchers.`id` DESC LIMIT 10 ;
2022-05-30 19:27:39	| Data	|	SELECT * FROM main_vouchers, main_clients WHERE main_clients.`id` = main_vouchers.`main_client` ORDER BY main_vouchers.`id` DESC LIMIT 10 ;
2022-05-30 19:28:17	| Data	|	SELECT * FROM main_vouchers, main_clients WHERE main_clients.`id` = main_vouchers.`main_client` ORDER BY main_vouchers.`id` DESC LIMIT 10 ;
2022-05-30 19:28:27	| Data	|	SELECT * FROM main_vouchers, main_clients WHERE main_clients.`id` = main_vouchers.`main_client` ORDER BY main_vouchers.`id` DESC LIMIT 10 ;
2022-05-30 19:28:44	| Data	|	SELECT * FROM main_vouchers, main_clients WHERE main_clients.`id` = main_vouchers.`main_client` ORDER BY main_vouchers.`id` DESC LIMIT 10 ;
2022-05-30 19:29:04	| Data	|	SELECT * FROM main_vouchers, main_clients WHERE main_clients.`id` = main_vouchers.`main_client` ORDER BY main_vouchers.`id` DESC LIMIT 10 ;
2022-05-30 19:29:05	| Data	|	SELECT * FROM main_vouchers, main_clients WHERE main_clients.`id` = main_vouchers.`main_client` ORDER BY main_vouchers.`id` DESC LIMIT 10 ;
2022-05-30 19:30:27	| Data	|	SELECT * FROM main_vouchers, main_clients WHERE main_clients.`id` = main_vouchers.`main_client` ORDER BY main_vouchers.`id` DESC LIMIT 10 ;
2022-05-30 19:31:27	| Data	|	SELECT * FROM main_vouchers, main_clients WHERE main_clients.`id` = main_vouchers.`main_client` ORDER BY main_vouchers.`id` DESC LIMIT 10 ;
2022-05-30 19:31:28	| Data	|	SELECT * FROM main_vouchers, main_clients WHERE main_clients.`id` = main_vouchers.`main_client` ORDER BY main_vouchers.`id` DESC LIMIT 10 ;
2022-05-30 19:31:52	| Data	|	SELECT * FROM main_vouchers, main_clients WHERE main_clients.`id` = main_vouchers.`main_client` ORDER BY main_vouchers.`id` DESC LIMIT 10 ;
2022-05-30 19:31:53	| Data	|	SELECT * FROM main_vouchers, main_clients WHERE main_clients.`id` = main_vouchers.`main_client` ORDER BY main_vouchers.`id` DESC LIMIT 10 ;
2022-05-30 19:32:00	| Data	|	SELECT * FROM main_vouchers, main_clients WHERE main_clients.`id` = main_vouchers.`main_client` ORDER BY main_vouchers.`id` DESC LIMIT 10 ;
2022-05-30 19:32:23	| Data	|	SELECT * FROM main_vouchers, main_clients WHERE main_clients.`id` = main_vouchers.`main_client` ORDER BY main_vouchers.`id` DESC LIMIT 10 ;
2022-05-30 19:32:32	| Data	|	SELECT * FROM main_vouchers, main_clients WHERE main_clients.`id` = main_vouchers.`main_client` ORDER BY main_vouchers.`id` DESC LIMIT 10 ;
2022-05-30 19:32:33	| Data	|	SELECT * FROM main_vouchers, main_clients WHERE main_clients.`id` = main_vouchers.`main_client` ORDER BY main_vouchers.`id` DESC LIMIT 10 ;
2022-05-30 19:33:03	| Data	|	SELECT * FROM main_vouchers, main_clients WHERE main_clients.`id` = main_vouchers.`main_client` ORDER BY main_vouchers.`id` DESC LIMIT 10 ;
2022-05-30 19:33:16	| Data	|	SELECT * FROM main_vouchers, main_clients WHERE main_clients.`id` = main_vouchers.`main_client` ORDER BY main_vouchers.`id` DESC LIMIT 10 ;
2022-05-30 19:33:20	| Data	|	SELECT * FROM main_vouchers, main_clients WHERE main_clients.`id` = main_vouchers.`main_client` ORDER BY main_vouchers.`id` DESC LIMIT 10 ;
2022-05-30 19:34:35	| Data	|	SELECT * FROM main_vouchers, main_clients WHERE main_clients.`id` = main_vouchers.`main_client` ORDER BY main_vouchers.`id` DESC LIMIT 10 ;
2022-05-30 19:34:53	| Data	|	SELECT * FROM main_vouchers, main_clients WHERE main_clients.`id` = main_vouchers.`main_client` ORDER BY main_vouchers.`id` DESC LIMIT 10 ;
2022-05-30 19:35:33	| Data	|	SELECT * FROM main_vouchers, main_clients WHERE main_clients.`id` = main_vouchers.`main_client` ORDER BY main_vouchers.`id` DESC LIMIT 10 ;
2022-05-30 19:35:58	| Data	|	SELECT * FROM main_vouchers, main_clients WHERE main_clients.`id` = main_vouchers.`main_client` ORDER BY main_vouchers.`id` DESC LIMIT 10 ;
2022-05-30 19:35:58	| Data	|	SELECT * FROM main_vouchers, main_clients WHERE main_clients.`id` = main_vouchers.`main_client` ORDER BY main_vouchers.`id` DESC LIMIT 10 ;
2022-05-30 19:36:59	| Data	|	SELECT * FROM main_vouchers, main_clients WHERE main_clients.`id` = main_vouchers.`main_client` ORDER BY main_vouchers.`id` DESC LIMIT 10 ;
2022-05-30 19:37:02	| Data	|	SELECT * FROM main_vouchers, main_clients WHERE main_clients.`id` = main_vouchers.`main_client` ORDER BY main_vouchers.`id` DESC LIMIT 10 ;
2022-05-30 19:37:06	| Data	|	SELECT * FROM main_vouchers, main_clients WHERE main_clients.`id` = main_vouchers.`main_client` ORDER BY main_vouchers.`id` DESC LIMIT 10 ;
2022-05-30 19:38:22	| Data	|	SELECT * FROM main_vouchers, main_clients WHERE main_clients.`id` = main_vouchers.`main_client` ORDER BY main_vouchers.`id` DESC LIMIT 10 ;
2022-05-30 19:38:23	| Data	|	SELECT * FROM main_vouchers, main_clients WHERE main_clients.`id` = main_vouchers.`main_client` ORDER BY main_vouchers.`id` DESC LIMIT 10 ;
2022-05-30 19:38:56	| Data	|	SELECT * FROM main_vouchers, main_clients WHERE main_clients.`id` = main_vouchers.`main_client` ORDER BY main_vouchers.`id` DESC LIMIT 10 ;
2022-05-30 19:39:09	| Data	|	SELECT * FROM main_vouchers, main_clients WHERE main_clients.`id` = main_vouchers.`main_client` ORDER BY main_vouchers.`id` DESC LIMIT 10 ;
2022-05-30 19:39:16	| Data	|	SELECT * FROM main_vouchers, main_clients WHERE main_clients.`id` = main_vouchers.`main_client` ORDER BY main_vouchers.`id` DESC LIMIT 10 ;
2022-05-30 19:39:28	| Data	|	SELECT * FROM main_vouchers, main_clients WHERE main_clients.`id` = main_vouchers.`main_client` ORDER BY main_vouchers.`id` DESC LIMIT 10 ;
2022-05-30 19:39:53	| Data	|	SELECT * FROM main_vouchers, main_clients WHERE main_clients.`id` = main_vouchers.`main_client` ORDER BY main_vouchers.`id` DESC LIMIT 10 ;
2022-05-30 19:39:53	| Data	|	SELECT * FROM main_vouchers, main_clients WHERE main_clients.`id` = main_vouchers.`main_client` ORDER BY main_vouchers.`id` DESC LIMIT 10 ;
2022-05-30 19:40:05	| Data	|	SELECT * FROM main_vouchers, main_clients WHERE main_clients.`id` = main_vouchers.`main_client` ORDER BY main_vouchers.`id` DESC LIMIT 10 ;
2022-05-30 19:40:21	| Data	|	SELECT * FROM main_vouchers, main_clients WHERE main_clients.`id` = main_vouchers.`main_client` ORDER BY main_vouchers.`id` DESC LIMIT 10 ;
2022-05-30 19:40:21	| Data	|	SELECT * FROM main_vouchers, main_clients WHERE main_clients.`id` = main_vouchers.`main_client` ORDER BY main_vouchers.`id` DESC LIMIT 10 ;
2022-05-30 19:40:25	| Data	|	SELECT * FROM main_vouchers, main_clients WHERE main_clients.`id` = main_vouchers.`main_client` ORDER BY main_vouchers.`id` DESC LIMIT 10 ;
2022-05-30 19:40:26	| Data	|	SELECT * FROM main_vouchers, main_clients WHERE main_clients.`id` = main_vouchers.`main_client` ORDER BY main_vouchers.`id` DESC LIMIT 10 ;
2022-05-30 19:40:26	| Data	|	SELECT * FROM main_vouchers, main_clients WHERE main_clients.`id` = main_vouchers.`main_client` ORDER BY main_vouchers.`id` DESC LIMIT 10 ;
2022-05-30 19:40:26	| Data	|	SELECT * FROM main_vouchers, main_clients WHERE main_clients.`id` = main_vouchers.`main_client` ORDER BY main_vouchers.`id` DESC LIMIT 10 ;
2022-05-30 19:40:37	| Data	|	SELECT * FROM main_vouchers, main_clients WHERE main_clients.`id` = main_vouchers.`main_client` ORDER BY main_vouchers.`id` DESC LIMIT 10 ;
2022-05-30 19:40:38	| Data	|	SELECT * FROM main_vouchers, main_clients WHERE main_clients.`id` = main_vouchers.`main_client` ORDER BY main_vouchers.`id` DESC LIMIT 10 ;
2022-05-30 19:40:50	| Data	|	SELECT * FROM main_vouchers, main_clients WHERE main_clients.`id` = main_vouchers.`main_client` ORDER BY main_vouchers.`id` DESC LIMIT 10 ;
2022-05-30 19:40:50	| Data	|	SELECT * FROM main_vouchers, main_clients WHERE main_clients.`id` = main_vouchers.`main_client` ORDER BY main_vouchers.`id` DESC LIMIT 10 ;
2022-05-30 19:40:50	| Data	|	SELECT * FROM main_vouchers, main_clients WHERE main_clients.`id` = main_vouchers.`main_client` ORDER BY main_vouchers.`id` DESC LIMIT 10 ;
2022-05-30 19:41:01	| Data	|	SELECT * FROM main_vouchers, main_clients WHERE main_clients.`id` = main_vouchers.`main_client` ORDER BY main_vouchers.`id` DESC LIMIT 10 ;
2022-05-30 19:41:08	| Data	|	SELECT * FROM main_vouchers, main_clients WHERE main_clients.`id` = main_vouchers.`main_client` ORDER BY main_vouchers.`id` DESC LIMIT 10 ;
2022-05-30 19:41:41	| Data	|	SELECT * FROM main_vouchers, main_clients WHERE main_clients.`id` = main_vouchers.`main_client` ORDER BY main_vouchers.`id` DESC LIMIT 10 ;
2022-05-30 19:41:45	| Data	|	SELECT * FROM main_vouchers, main_clients WHERE main_clients.`id` = main_vouchers.`main_client` ORDER BY main_vouchers.`id` DESC LIMIT 10 ;
2022-05-30 23:13:43	| Data	|	SELECT * FROM main_vouchers, main_clients WHERE main_clients.`id` = main_vouchers.`main_client` ORDER BY main_vouchers.`id` DESC LIMIT 10 ;
2022-05-30 23:56:02	| Data	|	SELECT * FROM main_vouchers, main_clients WHERE main_clients.`id` = main_vouchers.`main_client` ORDER BY main_vouchers.`id` DESC LIMIT 10 ;
2022-05-30 23:56:26	| Data	|	SELECT * FROM main_vouchers, main_clients WHERE main_clients.`id` = main_vouchers.`main_client` ORDER BY main_vouchers.`id` DESC LIMIT 10 ;
2022-05-30 23:56:49	| Data	|	SELECT * FROM main_vouchers, main_clients WHERE main_clients.`id` = main_vouchers.`main_client` ORDER BY main_vouchers.`id` DESC LIMIT 10 ;
2022-05-30 23:56:56	| Data	|	SELECT * FROM main_vouchers, main_clients WHERE main_clients.`id` = main_vouchers.`main_client` ORDER BY main_vouchers.`id` DESC LIMIT 10 ;
2022-05-30 23:56:59	| Data	|	SELECT * FROM main_vouchers, main_clients WHERE main_clients.`id` = main_vouchers.`main_client` ORDER BY main_vouchers.`id` DESC LIMIT 10 ;
2022-05-30 23:57:00	| Data	|	SELECT * FROM main_vouchers, main_clients WHERE main_clients.`id` = main_vouchers.`main_client` ORDER BY main_vouchers.`id` DESC LIMIT 10 ;
2022-05-30 23:57:33	| Data	|	SELECT * FROM main_vouchers, main_clients WHERE main_clients.`id` = main_vouchers.`main_client` ORDER BY main_vouchers.`id` DESC LIMIT 10 ;
2022-05-30 23:57:33	| Data	|	SELECT * FROM main_vouchers, main_clients WHERE main_clients.`id` = main_vouchers.`main_client` ORDER BY main_vouchers.`id` DESC LIMIT 10 ;
2022-05-30 23:57:55	| Data	|	SELECT * FROM main_vouchers, main_clients WHERE main_clients.`id` = main_vouchers.`main_client` ORDER BY main_vouchers.`id` DESC LIMIT 10 ;
2022-05-30 23:57:55	| Data	|	SELECT * FROM main_vouchers, main_clients WHERE main_clients.`id` = main_vouchers.`main_client` ORDER BY main_vouchers.`id` DESC LIMIT 10 ;
2022-05-30 23:58:24	| Data	|	SELECT * FROM main_vouchers, main_clients WHERE main_clients.`id` = main_vouchers.`main_client` ORDER BY main_vouchers.`id` DESC LIMIT 10 ;
2022-05-30 23:58:24	| Data	|	SELECT * FROM main_vouchers, main_clients WHERE main_clients.`id` = main_vouchers.`main_client` ORDER BY main_vouchers.`id` DESC LIMIT 10 ;
2022-05-30 23:58:37	| Data	|	SELECT * FROM main_vouchers, main_clients WHERE main_clients.`id` = main_vouchers.`main_client` ORDER BY main_vouchers.`id` DESC LIMIT 10 ;
2022-05-30 23:58:50	| Data	|	SELECT * FROM main_vouchers, main_clients WHERE main_clients.`id` = main_vouchers.`main_client` ORDER BY main_vouchers.`id` DESC LIMIT 10 ;
2022-05-30 23:58:50	| Data	|	SELECT * FROM main_vouchers, main_clients WHERE main_clients.`id` = main_vouchers.`main_client` ORDER BY main_vouchers.`id` DESC LIMIT 10 ;
2022-05-30 23:58:51	| Data	|	SELECT * FROM main_vouchers, main_clients WHERE main_clients.`id` = main_vouchers.`main_client` ORDER BY main_vouchers.`id` DESC LIMIT 10 ;
2022-05-30 23:59:32	| Data	|	SELECT * FROM main_vouchers, main_clients WHERE main_clients.`id` = main_vouchers.`main_client` ORDER BY main_vouchers.`id` DESC LIMIT 10 ;
2022-05-30 23:59:41	| Data	|	SELECT * FROM main_vouchers, main_clients WHERE main_clients.`id` = main_vouchers.`main_client` ORDER BY main_vouchers.`id` DESC LIMIT 10 ;
2022-05-30 23:59:47	| Data	|	SELECT * FROM main_vouchers, main_clients WHERE main_clients.`id` = main_vouchers.`main_client` ORDER BY main_vouchers.`id` DESC LIMIT 10 ;
2022-05-30 23:59:53	| Data	|	SELECT * FROM main_vouchers, main_clients WHERE main_clients.`id` = main_vouchers.`main_client` ORDER BY main_vouchers.`id` DESC LIMIT 10 ;
2022-05-30 23:59:58	| Data	|	SELECT * FROM main_vouchers, main_clients WHERE main_clients.`id` = main_vouchers.`main_client` ORDER BY main_vouchers.`id` DESC LIMIT 10 ;
