2022-06-01 16:23:16	| Data	|	SELECT * FROM general_users WHERE `username`='nesty' AND `password`='a4fd01f750dabff701339a213c3be6af'
2022-06-01 17:14:34	| Data	|	DELETE FROM main_vouchers WHERE `main_client` = '61'; DELETE FROM main_clients WHERE `id` = '61';
2022-06-01 17:15:07	| Data	|	INSERT INTO `main_clients` (`prefix`, `name`, `lastname`, `passport`, `phone`, `email`, `country`, `date_added`, `company`, `status`, `observations`, `last_touch`) VALUES
        ('Sr.', 'Elizardo', 'Lopez', '88090800317', '+53 5 3498546', 'os.nesty@gmail.com', 'TC', now(), 'Microsoft Inc.', 'Overseas', 'Todo OK', 'ahora');
2022-06-01 17:20:22	| Data	|	SELECT * FROM general_users WHERE `username`='nesty' AND `password`='a4fd01f750dabff701339a213c3be6af'
2022-06-01 18:35:35	| Data	|	SELECT *, `main_vouchers`.`id` as voucher_id FROM main_vouchers, main_clients WHERE `name` LIKE '%isa%' OR `lastname` LIKE '%isa%' OR `passport` LIKE '%isa%' OR `email` LIKE '%isa%' OR `phone` LIKE '%isa%' OR `company` LIKE '%isa%'WHERE main_clients.`id` = main_vouchers.`main_client` ORDER BY main_vouchers.`id` DESC LIMIT 10 ;
2022-06-01 18:37:25	| Data	|	SELECT *, `main_vouchers`.`id` as voucher_id FROM main_vouchers, main_clients WHERE `name` LIKE '%isa%' OR `lastname` LIKE '%isa%' OR `passport` LIKE '%isa%' OR `email` LIKE '%isa%' OR `phone` LIKE '%isa%' OR `company` LIKE '%isa%' ORDER BY main_vouchers.`id` DESC LIMIT 10 ;
2022-06-01 18:37:25	| Data	|	SELECT *, `main_vouchers`.`id` as voucher_id FROM main_vouchers, main_clients WHERE `name` LIKE '%isa%' OR `lastname` LIKE '%isa%' OR `passport` LIKE '%isa%' OR `email` LIKE '%isa%' OR `phone` LIKE '%isa%' OR `company` LIKE '%isa%' ORDER BY main_vouchers.`id` DESC LIMIT 10 ;
2022-06-01 18:37:26	| Data	|	SELECT *, `main_vouchers`.`id` as voucher_id FROM main_vouchers, main_clients WHERE `name` LIKE '%isa%' OR `lastname` LIKE '%isa%' OR `passport` LIKE '%isa%' OR `email` LIKE '%isa%' OR `phone` LIKE '%isa%' OR `company` LIKE '%isa%' ORDER BY main_vouchers.`id` DESC LIMIT 10 ;
2022-06-01 18:37:26	| Data	|	SELECT *, `main_vouchers`.`id` as voucher_id FROM main_vouchers, main_clients WHERE `name` LIKE '%isa%' OR `lastname` LIKE '%isa%' OR `passport` LIKE '%isa%' OR `email` LIKE '%isa%' OR `phone` LIKE '%isa%' OR `company` LIKE '%isa%' ORDER BY main_vouchers.`id` DESC LIMIT 10 ;
2022-06-01 18:37:26	| Data	|	SELECT *, `main_vouchers`.`id` as voucher_id FROM main_vouchers, main_clients WHERE `name` LIKE '%isa%' OR `lastname` LIKE '%isa%' OR `passport` LIKE '%isa%' OR `email` LIKE '%isa%' OR `phone` LIKE '%isa%' OR `company` LIKE '%isa%' ORDER BY main_vouchers.`id` DESC LIMIT 10 ;
2022-06-01 18:38:13	| Data	|	SELECT *, `main_vouchers`.`id` as voucher_id FROM main_vouchers, main_clients  ORDER BY main_vouchers.`id` DESC LIMIT 10 ;
2022-06-01 18:38:14	| Data	|	SELECT *, `main_vouchers`.`id` as voucher_id FROM main_vouchers, main_clients WHERE `type` LIKE '%isa%' OR `lastname` LIKE '%isa%' OR `passport` LIKE '%isa%' OR `email` LIKE '%isa%' OR `phone` LIKE '%isa%' OR `company` LIKE '%isa%' ORDER BY main_vouchers.`id` DESC LIMIT 10 ;
2022-06-01 18:38:14	| Data	|	SELECT *, `main_vouchers`.`id` as voucher_id FROM main_vouchers, main_clients WHERE `type` LIKE '%isa%' OR `lastname` LIKE '%isa%' OR `passport` LIKE '%isa%' OR `email` LIKE '%isa%' OR `phone` LIKE '%isa%' OR `company` LIKE '%isa%' ORDER BY main_vouchers.`id` DESC LIMIT 10 ;
2022-06-01 18:38:58	| Data	|	SELECT *, `main_vouchers`.`id` as voucher_id FROM main_vouchers, main_clients WHERE `data` LIKE '%isa%' OR `type` LIKE '%isa%' OR `information` LIKE '%isa%' OR `service_partner` LIKE '%isa%' ORDER BY main_vouchers.`id` DESC LIMIT 10 ;
2022-06-01 18:38:59	| Data	|	SELECT *, `main_vouchers`.`id` as voucher_id FROM main_vouchers, main_clients WHERE `data` LIKE '%isa%' OR `type` LIKE '%isa%' OR `information` LIKE '%isa%' OR `service_partner` LIKE '%isa%' ORDER BY main_vouchers.`id` DESC LIMIT 10 ;
2022-06-01 18:38:59	| Data	|	SELECT *, `main_vouchers`.`id` as voucher_id FROM main_vouchers, main_clients WHERE `data` LIKE '%isa%' OR `type` LIKE '%isa%' OR `information` LIKE '%isa%' OR `service_partner` LIKE '%isa%' ORDER BY main_vouchers.`id` DESC LIMIT 10 ;
2022-06-01 18:38:59	| Data	|	SELECT *, `main_vouchers`.`id` as voucher_id FROM main_vouchers, main_clients WHERE `data` LIKE '%isa%' OR `type` LIKE '%isa%' OR `information` LIKE '%isa%' OR `service_partner` LIKE '%isa%' ORDER BY main_vouchers.`id` DESC LIMIT 10 ;
2022-06-01 18:39:04	| Data	|	SELECT *, `main_vouchers`.`id` as voucher_id FROM main_vouchers, main_clients  ORDER BY main_vouchers.`id` DESC LIMIT 10 ;
2022-06-01 18:39:09	| Data	|	SELECT *, `main_vouchers`.`id` as voucher_id FROM main_vouchers, main_clients  ORDER BY main_vouchers.`id` DESC LIMIT 10 ;
2022-06-01 18:39:09	| Data	|	SELECT *, `main_vouchers`.`id` as voucher_id FROM main_vouchers, main_clients  ORDER BY main_vouchers.`id` DESC LIMIT 10 ;
2022-06-01 18:39:09	| Data	|	SELECT *, `main_vouchers`.`id` as voucher_id FROM main_vouchers, main_clients  ORDER BY main_vouchers.`id` DESC LIMIT 10 ;
2022-06-01 18:39:09	| Data	|	SELECT *, `main_vouchers`.`id` as voucher_id FROM main_vouchers, main_clients  ORDER BY main_vouchers.`id` DESC LIMIT 10 ;
2022-06-01 18:39:09	| Data	|	SELECT *, `main_vouchers`.`id` as voucher_id FROM main_vouchers, main_clients  ORDER BY main_vouchers.`id` DESC LIMIT 10 ;
2022-06-01 18:39:23	| Data	|	SELECT *, `main_vouchers`.`id` as voucher_id FROM main_vouchers, main_clients  ORDER BY main_vouchers.`id` DESC LIMIT 10 ;
2022-06-01 18:39:27	| Data	|	SELECT *, `main_vouchers`.`id` as voucher_id FROM main_vouchers, main_clients  ORDER BY main_vouchers.`id` DESC LIMIT 10 ;
2022-06-01 18:40:50	| Data	|	SELECT *, `main_vouchers`.`id` as voucher_id FROM main_vouchers, main_clients  ORDER BY main_vouchers.`id` DESC LIMIT 10 ;
2022-06-01 18:48:32	| Data	|	INSERT INTO `main_vouchers` (`main_client`, `type`, `data`, `in_date`, `out_date`, `information`, `service_partner`) VALUES
        ('15', 'Hotel / House', 'Probando', '2022-12-1', '2022-12-15', 'asdasd', 'Gaviota');
2022-06-01 18:49:20	| Data	|	INSERT INTO `main_vouchers` (`main_client`, `type`, `data`, `in_date`, `out_date`, `information`, `service_partner`) VALUES
        ('13', 'Hotel / House', 'probando', '2022-12-1', '2022-12-15', 'asdasd', 'Gaviota');
2022-06-01 18:50:52	| Data	|	INSERT INTO `main_vouchers` (`main_client`, `type`, `data`, `in_date`, `out_date`, `information`, `service_partner`) VALUES
        ('74', 'Event / Show', 'asdasd', '2022-12-1', '2022-12-15', 'asdasd', 'asdasd');
2022-06-01 20:53:45	| Data	|	DELETE FROM main_vouchers WHERE `id` = 6
2022-06-01 20:54:28	| Data	|	INSERT INTO `main_vouchers` (`main_client`, `type`, `data`, `in_date`, `out_date`, `information`, `service_partner`) VALUES
        ('15', 'Hotel / House', 'asd', '', '', '', '');
